<?xml version="1.0" encoding="UTF-8"?><testsuites failures="7" name="dependency-check" tests="1504"><testsuite failures="0" id="0" name="/z/web/core/assets/vendor/ckeditor/lang/ja.js" package="ja.js" skipped="0" tests="1" timestamp="2020-01-17T16:06:50.53251"><testcase classname="dependency-check" name="ja.js"/></testsuite><testsuite failures="0" id="1" name="/z/web/libraries/jquery.inputmask/js/dependencyLibs/inputmask.dependencyLib.js" package="inputmask.dependencyLib.js" skipped="0" tests="1" timestamp="2020-01-17T16:06:50.53251"><testcase classname="dependency-check" name="inputmask.dependencyLib.js"/></testsuite><testsuite failures="0" id="2" name="/z/web/modules/contrib/photos/photos_access/photos_access.js" package="photos_access.js" skipped="0" tests="1" timestamp="2020-01-17T16:06:50.53251"><testcase classname="dependency-check" name="photos_access.js"/></testsuite><testsuite failures="0" id="3" name="/z/web/modules/contrib/webform/js/webform.element.likert.js" package="webform.element.likert.js" skipped="0" tests="1" timestamp="2020-01-17T16:06:50.53251"><testcase classname="dependency-check" name="webform.element.likert.js"/></testsuite><testsuite failures="0" id="4" name="/z/web/core/modules/views_ui/js/views-admin.es6.js" package="views-admin.es6.js" skipped="0" tests="1" timestamp="2020-01-17T16:06:50.53251"><testcase classname="dependency-check" name="views-admin.es6.js"/></testsuite><testsuite failures="0" id="5" name="/z/web/modules/contrib/sitemap/sitemap.admin.js" package="sitemap.admin.js" skipped="0" tests="1" timestamp="2020-01-17T16:06:50.53251"><testcase classname="dependency-check" name="sitemap.admin.js"/></testsuite><testsuite failures="0" id="6" name="/z/web/core/modules/filter/filter.admin.es6.js" package="filter.admin.es6.js" skipped="0" tests="1" timestamp="2020-01-17T16:06:50.53251"><testcase classname="dependency-check" name="filter.admin.es6.js"/></testsuite><testsuite failures="0" id="7" name="/z/web/modules/contrib/visitors/jquery.jqplot/plugins/jqplot.canvasTextRenderer.min.js" package="jqplot.canvasTextRenderer.min.js" skipped="0" tests="1" timestamp="2020-01-17T16:06:50.53251"><testcase classname="dependency-check" name="jqplot.canvasTextRenderer.min.js"/></testsuite><testsuite failures="0" id="8" name="/z/web/libraries/jquery.select2/dist/js/i18n/hu.js" package="hu.js" skipped="0" tests="1" timestamp="2020-01-17T16:06:50.53251"><testcase classname="dependency-check" name="hu.js"/></testsuite><testsuite failures="0" id="9" name="/z/web/core/assets/vendor/jquery.ui/ui/i18n/datepicker-et.js" package="datepicker-et.js" skipped="0" tests="1" timestamp="2020-01-17T16:06:50.53251"><testcase classname="dependency-check" name="datepicker-et.js"/></testsuite><testsuite failures="0" id="10" name="/z/web/core/assets/vendor/ckeditor/lang/bg.js" package="bg.js" skipped="0" tests="1" timestamp="2020-01-17T16:06:50.53251"><testcase classname="dependency-check" name="bg.js"/></testsuite><testsuite failures="0" id="11" name="/z/web/core/modules/ckeditor/js/ckeditor.admin.js" package="ckeditor.admin.js" skipped="0" tests="1" timestamp="2020-01-17T16:06:50.53251"><testcase classname="dependency-check" name="ckeditor.admin.js"/></testsuite><testsuite failures="0" id="12" name="/z/web/libraries/jquery.select2/dist/js/i18n/ar.js" package="ar.js" skipped="0" tests="1" timestamp="2020-01-17T16:06:50.53251"><testcase classname="dependency-check" name="ar.js"/></testsuite><testsuite failures="0" id="13" name="/z/web/core/assets/vendor/ckeditor/lang/fo.js" package="fo.js" skipped="0" tests="1" timestamp="2020-01-17T16:06:50.53251"><testcase classname="dependency-check" name="fo.js"/></testsuite><testsuite failures="0" id="14" name="/z/web/core/modules/text/text.js" package="text.js" skipped="0" tests="1" timestamp="2020-01-17T16:06:50.53251"><testcase classname="dependency-check" name="text.js"/></testsuite><testsuite failures="0" id="15" name="/z/web/core/modules/user/user.es6.js" package="user.es6.js" skipped="0" tests="1" timestamp="2020-01-17T16:06:50.53251"><testcase classname="dependency-check" name="user.es6.js"/></testsuite><testsuite failures="0" id="16" name="/z/web/libraries/superfish/sfsmallscreen.js" package="sfsmallscreen.js" skipped="0" tests="1" timestamp="2020-01-17T16:06:50.53251"><testcase classname="dependency-check" name="sfsmallscreen.js"/></testsuite><testsuite failures="0" id="17" name="/z/web/libraries/ckeditor.codemirror/codemirror/lang/fo.js" package="fo.js" skipped="0" tests="1" timestamp="2020-01-17T16:06:50.53251"><testcase classname="dependency-check" name="fo.js"/></testsuite><testsuite failures="0" id="18" name="/z/web/core/assets/vendor/jquery.ui/ui/safe-active-element-min.js" package="safe-active-element-min.js" skipped="0" tests="1" timestamp="2020-01-17T16:06:50.53251"><testcase classname="dependency-check" name="safe-active-element-min.js"/></testsuite><testsuite failures="0" id="19" name="/z/web/core/modules/statistics/statistics.js" package="statistics.js" skipped="0" tests="1" timestamp="2020-01-17T16:06:50.53251"><testcase classname="dependency-check" name="statistics.js"/></testsuite><testsuite failures="0" id="20" name="/z/web/modules/contrib/webform/js/webform.filter.js" package="webform.filter.js" skipped="0" tests="1" timestamp="2020-01-17T16:06:50.53251"><testcase classname="dependency-check" name="webform.filter.js"/></testsuite><testsuite failures="0" id="21" name="/z/web/libraries/ckeditor.codemirror/codemirror/lang/bg.js" package="bg.js" skipped="0" tests="1" timestamp="2020-01-17T16:06:50.53251"><testcase classname="dependency-check" name="bg.js"/></testsuite><testsuite failures="0" id="22" name="/z/web/core/assets/vendor/jquery.ui/ui/widgets/mouse-min.js" package="mouse-min.js" skipped="0" tests="1" timestamp="2020-01-17T16:06:50.53251"><testcase classname="dependency-check" name="mouse-min.js"/></testsuite><testsuite failures="0" id="23" name="/z/web/core/assets/vendor/popperjs/popper.min.js" package="popper.min.js" skipped="0" tests="1" timestamp="2020-01-17T16:06:50.53251"><testcase classname="dependency-check" name="popper.min.js"/></testsuite><testsuite failures="0" id="24" name="/z/web/core/modules/user/user.theme.js" package="user.theme.js" skipped="0" tests="1" timestamp="2020-01-17T16:06:50.53251"><testcase classname="dependency-check" name="user.theme.js"/></testsuite><testsuite failures="0" id="25" name="/z/web/modules/contrib/webform/js/webform.element.buttons.js" package="webform.element.buttons.js" skipped="0" tests="1" timestamp="2020-01-17T16:06:50.53251"><testcase classname="dependency-check" name="webform.element.buttons.js"/></testsuite><testsuite failures="0" id="26" name="/z/web/modules/contrib/visitors/jquery.jqplot/excanvas.js" package="excanvas.js" skipped="0" tests="1" timestamp="2020-01-17T16:06:50.53251"><testcase classname="dependency-check" name="excanvas.js"/></testsuite><testsuite failures="0" id="27" name="/z/web/core/modules/node/content_types.es6.js" package="content_types.es6.js" skipped="0" tests="1" timestamp="2020-01-17T16:06:50.53251"><testcase classname="dependency-check" name="content_types.es6.js"/></testsuite><testsuite failures="0" id="28" name="/z/web/core/modules/media/js/media_embed_ckeditor.theme.js" package="media_embed_ckeditor.theme.js" skipped="0" tests="1" timestamp="2020-01-17T16:06:50.53251"><testcase classname="dependency-check" name="media_embed_ckeditor.theme.js"/></testsuite><testsuite failures="0" id="29" name="/z/web/core/assets/vendor/ckeditor/lang/zh-cn.js" package="zh-cn.js" skipped="0" tests="1" timestamp="2020-01-17T16:06:50.53251"><testcase classname="dependency-check" name="zh-cn.js"/></testsuite><testsuite failures="0" id="30" name="/z/web/themes/custom/s3waas/vendor/bootstrap/js/bootstrap.js" package="bootstrap.js" skipped="0" tests="1" timestamp="2020-01-17T16:06:50.53251"><testcase classname="dependency-check" name="bootstrap.js"/></testsuite><testsuite failures="0" id="31" name="/z/web/libraries/ckeditor.codemirror/codemirror/lang/ja.js" package="ja.js" skipped="0" tests="1" timestamp="2020-01-17T16:06:50.53251"><testcase classname="dependency-check" name="ja.js"/></testsuite><testsuite failures="0" id="32" name="/z/web/core/tests/Drupal/Nightwatch/Commands/drupalLogin.js" package="drupalLogin.js" skipped="0" tests="1" timestamp="2020-01-17T16:06:50.53251"><testcase classname="dependency-check" name="drupalLogin.js"/></testsuite><testsuite failures="0" id="33" name="/z/web/modules/contrib/webform/js/webform.element.details.js" package="webform.element.details.js" skipped="0" tests="1" timestamp="2020-01-17T16:06:50.53251"><testcase classname="dependency-check" name="webform.element.details.js"/></testsuite><testsuite failures="0" id="34" name="/z/web/libraries/ckeditor.image/lang/km.js" package="km.js" skipped="0" tests="1" timestamp="2020-01-17T16:06:50.53251"><testcase classname="dependency-check" name="km.js"/></testsuite><testsuite failures="0" id="35" name="/z/web/core/modules/ckeditor/js/plugins/drupalimage/plugin.es6.js" package="plugin.es6.js" skipped="0" tests="1" timestamp="2020-01-17T16:06:50.53251"><testcase classname="dependency-check" name="plugin.es6.js"/></testsuite><testsuite failures="0" id="36" name="/z/web/modules/contrib/visitors/jquery.jqplot/plugins/jqplot.blockRenderer.js" package="jqplot.blockRenderer.js" skipped="0" tests="1" timestamp="2020-01-17T16:06:50.53251"><testcase classname="dependency-check" name="jqplot.blockRenderer.js"/></testsuite><testsuite failures="0" id="37" name="/z/web/core/assets/vendor/jquery.ui/ui/i18n/datepicker-zh-HK.js" package="datepicker-zh-HK.js" skipped="0" tests="1" timestamp="2020-01-17T16:06:50.53251"><testcase classname="dependency-check" name="datepicker-zh-HK.js"/></testsuite><testsuite failures="0" id="38" name="/z/web/libraries/jquery.inputmask/package.json" package="package.json" skipped="0" tests="1" timestamp="2020-01-17T16:06:50.53251"><testcase classname="dependency-check" name="package.json"/></testsuite><testsuite failures="0" id="39" name="/z/web/libraries/ckeditor.image/lang/hr.js" package="hr.js" skipped="0" tests="1" timestamp="2020-01-17T16:06:50.53251"><testcase classname="dependency-check" name="hr.js"/></testsuite><testsuite failures="0" id="40" name="/z/web/libraries/ckeditor.image/lang/it.js" package="it.js" skipped="0" tests="1" timestamp="2020-01-17T16:06:50.53251"><testcase classname="dependency-check" name="it.js"/></testsuite><testsuite failures="0" id="41" name="/z/web/modules/contrib/photos/js/photos.dragndrop.js" package="photos.dragndrop.js" skipped="0" tests="1" timestamp="2020-01-17T16:06:50.53251"><testcase classname="dependency-check" name="photos.dragndrop.js"/></testsuite><testsuite failures="0" id="42" name="/z/web/modules/contrib/visitors/jquery.jqplot/plugins/jqplot.pyramidGridRenderer.js" package="jqplot.pyramidGridRenderer.js" skipped="0" tests="1" timestamp="2020-01-17T16:06:50.53251"><testcase classname="dependency-check" name="jqplot.pyramidGridRenderer.js"/></testsuite><testsuite failures="0" id="43" name="/z/web/libraries/ckeditor.fakeobjects/lang/ms.js" package="ms.js" skipped="0" tests="1" timestamp="2020-01-17T16:06:50.53251"><testcase classname="dependency-check" name="ms.js"/></testsuite><testsuite failures="0" id="44" name="/z/web/libraries/ckeditor.image/lang/el.js" package="el.js" skipped="0" tests="1" timestamp="2020-01-17T16:06:50.53251"><testcase classname="dependency-check" name="el.js"/></testsuite><testsuite failures="0" id="45" name="/z/web/core/misc/ajax.js" package="ajax.js" skipped="0" tests="1" timestamp="2020-01-17T16:06:50.53251"><testcase classname="dependency-check" name="ajax.js"/></testsuite><testsuite failures="0" id="46" name="/z/web/core/misc/dialog/dialog.jquery-ui.js" package="dialog.jquery-ui.js" skipped="0" tests="1" timestamp="2020-01-17T16:06:50.53251"><testcase classname="dependency-check" name="dialog.jquery-ui.js"/></testsuite><testsuite failures="0" id="47" name="/z/web/modules/contrib/visitors/jquery.jqplot/plugins/jqplot.pyramidAxisRenderer.min.js" package="jqplot.pyramidAxisRenderer.min.js" skipped="0" tests="1" timestamp="2020-01-17T16:06:50.53251"><testcase classname="dependency-check" name="jqplot.pyramidAxisRenderer.min.js"/></testsuite><testsuite failures="0" id="48" name="/z/web/core/modules/toolbar/js/views/ToolbarVisualView.es6.js" package="ToolbarVisualView.es6.js" skipped="0" tests="1" timestamp="2020-01-17T16:06:50.53251"><testcase classname="dependency-check" name="ToolbarVisualView.es6.js"/></testsuite><testsuite failures="0" id="49" name="/z/web/libraries/ckeditor.image/lang/cs.js" package="cs.js" skipped="0" tests="1" timestamp="2020-01-17T16:06:50.53251"><testcase classname="dependency-check" name="cs.js"/></testsuite><testsuite failures="0" id="50" name="/z/web/core/assets/vendor/ckeditor/plugins/a11yhelp/dialogs/lang/en-gb.js" package="en-gb.js" skipped="0" tests="1" timestamp="2020-01-17T16:06:50.53251"><testcase classname="dependency-check" name="en-gb.js"/></testsuite><testsuite failures="0" id="51" name="/z/web/core/modules/editor/js/editor.formattedTextEditor.es6.js" package="editor.formattedTextEditor.es6.js" skipped="0" tests="1" timestamp="2020-01-17T16:06:50.53251"><testcase classname="dependency-check" name="editor.formattedTextEditor.es6.js"/></testsuite><testsuite failures="0" id="52" name="/z/web/modules/contrib/webform/modules/webform_shortcuts/js/webform_shortcuts.js" package="webform_shortcuts.js" skipped="0" tests="1" timestamp="2020-01-17T16:06:50.53251"><testcase classname="dependency-check" name="webform_shortcuts.js"/></testsuite><testsuite failures="0" id="53" name="/z/web/libraries/ckeditor.fakeobjects/lang/si.js" package="si.js" skipped="0" tests="1" timestamp="2020-01-17T16:06:50.53251"><testcase classname="dependency-check" name="si.js"/></testsuite><testsuite failures="0" id="54" name="/z/web/core/modules/responsive_image/js/responsive_image.ajax.js" package="responsive_image.ajax.js" skipped="0" tests="1" timestamp="2020-01-17T16:06:50.53251"><testcase classname="dependency-check" name="responsive_image.ajax.js"/></testsuite><testsuite failures="0" id="55" name="/z/web/libraries/ckeditor.image/lang/az.js" package="az.js" skipped="0" tests="1" timestamp="2020-01-17T16:06:50.53251"><testcase classname="dependency-check" name="az.js"/></testsuite><testsuite failures="0" id="56" name="/z/web/core/modules/filter/filter.es6.js" package="filter.es6.js" skipped="0" tests="1" timestamp="2020-01-17T16:06:50.53251"><testcase classname="dependency-check" name="filter.es6.js"/></testsuite><testsuite failures="0" id="57" name="/z/web/core/assets/vendor/jquery.ui/ui/effects/effect-blind-min.js" package="effect-blind-min.js" skipped="0" tests="1" timestamp="2020-01-17T16:06:50.53251"><testcase classname="dependency-check" name="effect-blind-min.js"/></testsuite><testsuite failures="0" id="58" name="/z/web/sites/default/files/js/js_G2EoBU-BtBICdZbJtArsofWj2dcV7XNL1aonX3wNGcI.js" package="js_G2EoBU-BtBICdZbJtArsofWj2dcV7XNL1aonX3wNGcI.js" skipped="0" tests="1" timestamp="2020-01-17T16:06:50.53251"><testcase classname="dependency-check" name="js_G2EoBU-BtBICdZbJtArsofWj2dcV7XNL1aonX3wNGcI.js"/></testsuite><testsuite failures="0" id="59" name="/z/web/core/misc/announce.js" package="announce.js" skipped="0" tests="1" timestamp="2020-01-17T16:06:50.53251"><testcase classname="dependency-check" name="announce.js"/></testsuite><testsuite failures="0" id="60" name="/z/web/libraries/jquery.inputmask/qunit/tests_paste.js" package="tests_paste.js" skipped="0" tests="1" timestamp="2020-01-17T16:06:50.53251"><testcase classname="dependency-check" name="tests_paste.js"/></testsuite><testsuite failures="0" id="61" name="/z/web/core/modules/contextual/js/toolbar/views/AuralView.es6.js" package="AuralView.es6.js" skipped="0" tests="1" timestamp="2020-01-17T16:06:50.53251"><testcase classname="dependency-check" name="AuralView.es6.js"/></testsuite><testsuite failures="0" id="62" name="/z/web/core/tests/Drupal/Tests/Core/Asset/js_test_files/source_url.min.js.optimized.js" package="source_url.min.js.optimized.js" skipped="0" tests="1" timestamp="2020-01-17T16:06:50.53251"><testcase classname="dependency-check" name="source_url.min.js.optimized.js"/></testsuite><testsuite failures="0" id="63" name="/z/web/libraries/ckeditor.fakeobjects/lang/hi.js" package="hi.js" skipped="0" tests="1" timestamp="2020-01-17T16:06:50.53251"><testcase classname="dependency-check" name="hi.js"/></testsuite><testsuite failures="0" id="64" name="/z/web/core/modules/contextual/js/toolbar/views/AuralView.js" package="AuralView.js" skipped="0" tests="1" timestamp="2020-01-17T16:06:50.53251"><testcase classname="dependency-check" name="AuralView.js"/></testsuite><testsuite failures="0" id="65" name="/z/web/libraries/ckeditor.fakeobjects/lang/en.js" package="en.js" skipped="0" tests="1" timestamp="2020-01-17T16:06:50.53251"><testcase classname="dependency-check" name="en.js"/></testsuite><testsuite failures="0" id="66" name="/z/web/modules/contrib/insert/js/EditorManager.js" package="EditorManager.js" skipped="0" tests="1" timestamp="2020-01-17T16:06:50.53251"><testcase classname="dependency-check" name="EditorManager.js"/></testsuite><testsuite failures="0" id="67" name="/z/web/core/tests/Drupal/Tests/Core/Asset/js_test_files/utf16_bom.js" package="utf16_bom.js" skipped="0" tests="1" timestamp="2020-01-17T16:06:50.53251"><testcase classname="dependency-check" name="utf16_bom.js"/></testsuite><testsuite failures="0" id="68" name="/z/web/libraries/ckeditor.link/lang/zh-cn.js" package="zh-cn.js" skipped="0" tests="1" timestamp="2020-01-17T16:06:50.53251"><testcase classname="dependency-check" name="zh-cn.js"/></testsuite><testsuite failures="0" id="69" name="/z/web/libraries/ckeditor.fakeobjects/lang/ko.js" package="ko.js" skipped="0" tests="1" timestamp="2020-01-17T16:06:50.53251"><testcase classname="dependency-check" name="ko.js"/></testsuite><testsuite failures="0" id="70" name="/z/web/libraries/superfish/sftouchscreen.js" package="sftouchscreen.js" skipped="0" tests="1" timestamp="2020-01-17T16:06:50.53251"><testcase classname="dependency-check" name="sftouchscreen.js"/></testsuite><testsuite failures="0" id="71" name="/z/web/libraries/ckeditor.fakeobjects/lang/bs.js" package="bs.js" skipped="0" tests="1" timestamp="2020-01-17T16:06:50.53251"><testcase classname="dependency-check" name="bs.js"/></testsuite><testsuite failures="0" id="72" name="/z/web/core/themes/claro/js/nav-tabs.es6.js" package="nav-tabs.es6.js" skipped="0" tests="1" timestamp="2020-01-17T16:06:50.53251"><testcase classname="dependency-check" name="nav-tabs.es6.js"/></testsuite><testsuite failures="0" id="73" name="/z/web/libraries/jquery.inputmask/qunit/tests_setvalue.js" package="tests_setvalue.js" skipped="0" tests="1" timestamp="2020-01-17T16:06:50.53251"><testcase classname="dependency-check" name="tests_setvalue.js"/></testsuite><testsuite failures="0" id="74" name="/z/web/libraries/ckeditor.image/lang/sr.js" package="sr.js" skipped="0" tests="1" timestamp="2020-01-17T16:06:50.53251"><testcase classname="dependency-check" name="sr.js"/></testsuite><testsuite failures="0" id="75" name="/z/web/libraries/ckeditor.fakeobjects/lang/af.js" package="af.js" skipped="0" tests="1" timestamp="2020-01-17T16:06:50.53251"><testcase classname="dependency-check" name="af.js"/></testsuite><testsuite failures="0" id="76" name="/z/web/modules/contrib/visitors/jquery.jqplot/excanvas.min.js" package="excanvas.min.js" skipped="0" tests="1" timestamp="2020-01-17T16:06:50.53251"><testcase classname="dependency-check" name="excanvas.min.js"/></testsuite><testsuite failures="0" id="77" name="/z/web/core/assets/vendor/jquery.ui/ui/i18n/datepicker-rm.js" package="datepicker-rm.js" skipped="0" tests="1" timestamp="2020-01-17T16:06:50.53251"><testcase classname="dependency-check" name="datepicker-rm.js"/></testsuite><testsuite failures="0" id="78" name="/z/web/libraries/ckeditor.image/lang/pl.js" package="pl.js" skipped="0" tests="1" timestamp="2020-01-17T16:06:50.53251"><testcase classname="dependency-check" name="pl.js"/></testsuite><testsuite failures="0" id="79" name="/z/web/core/assets/vendor/jquery.ui/ui/i18n/datepicker-pt.js" package="datepicker-pt.js" skipped="0" tests="1" timestamp="2020-01-17T16:06:50.53251"><testcase classname="dependency-check" name="datepicker-pt.js"/></testsuite><testsuite failures="0" id="80" name="/z/web/libraries/ckeditor.fakeobjects/lang/da.js" package="da.js" skipped="0" tests="1" timestamp="2020-01-17T16:06:50.53251"><testcase classname="dependency-check" name="da.js"/></testsuite><testsuite failures="0" id="81" name="/z/web/modules/contrib/image_widget_crop/js/ImageWidgetCropType.js" package="ImageWidgetCropType.js" skipped="0" tests="1" timestamp="2020-01-17T16:06:50.53251"><testcase classname="dependency-check" name="ImageWidgetCropType.js"/></testsuite><testsuite failures="0" id="82" name="/z/web/libraries/ckeditor.image/lang/tt.js" package="tt.js" skipped="0" tests="1" timestamp="2020-01-17T16:06:50.53251"><testcase classname="dependency-check" name="tt.js"/></testsuite><testsuite failures="0" id="83" name="/z/web/libraries/ckeditor.image/lang/uk.js" package="uk.js" skipped="0" tests="1" timestamp="2020-01-17T16:06:50.53251"><testcase classname="dependency-check" name="uk.js"/></testsuite><testsuite failures="0" id="84" name="/z/web/modules/contrib/webform/js/webform.element.managed_file.js" package="webform.element.managed_file.js" skipped="0" tests="1" timestamp="2020-01-17T16:06:50.53251"><testcase classname="dependency-check" name="webform.element.managed_file.js"/></testsuite><testsuite failures="0" id="85" name="/z/web/core/modules/tour/js/tour.es6.js" package="tour.es6.js" skipped="0" tests="1" timestamp="2020-01-17T16:06:50.53251"><testcase classname="dependency-check" name="tour.es6.js"/></testsuite><testsuite failures="0" id="86" name="/z/web/libraries/ckeditor.image/lang/hi.js" package="hi.js" skipped="0" tests="1" timestamp="2020-01-17T16:06:50.53251"><testcase classname="dependency-check" name="hi.js"/></testsuite><testsuite failures="0" id="87" name="/z/web/core/assets/vendor/ckeditor/plugins/specialchar/dialogs/lang/fi.js" package="fi.js" skipped="0" tests="1" timestamp="2020-01-17T16:06:50.53251"><testcase classname="dependency-check" name="fi.js"/></testsuite><testsuite failures="0" id="88" name="/z/web/core/assets/vendor/matchMedia/matchMedia.addListener.min.js" package="matchMedia.addListener.min.js" skipped="0" tests="1" timestamp="2020-01-17T16:06:50.53251"><testcase classname="dependency-check" name="matchMedia.addListener.min.js"/></testsuite><testsuite failures="0" id="89" name="/z/web/libraries/ckeditor.fakeobjects/lang/sv.js" package="sv.js" skipped="0" tests="1" timestamp="2020-01-17T16:06:50.53251"><testcase classname="dependency-check" name="sv.js"/></testsuite><testsuite failures="0" id="90" name="/z/web/libraries/ckeditor.fakeobjects/lang/sk.js" package="sk.js" skipped="0" tests="1" timestamp="2020-01-17T16:06:50.53251"><testcase classname="dependency-check" name="sk.js"/></testsuite><testsuite failures="0" id="91" name="/z/web/modules/contrib/visitors/jquery.jqplot/jquery.jqplot.min.js" package="jquery.jqplot.min.js" skipped="0" tests="1" timestamp="2020-01-17T16:06:50.53251"><testcase classname="dependency-check" name="jquery.jqplot.min.js"/></testsuite><testsuite failures="0" id="92" name="/z/web/core/assets/vendor/ckeditor/plugins/a11yhelp/dialogs/lang/fo.js" package="fo.js" skipped="0" tests="1" timestamp="2020-01-17T16:06:50.53251"><testcase classname="dependency-check" name="fo.js"/></testsuite><testsuite failures="0" id="93" name="/z/web/libraries/ckeditor.image/lang/ko.js" package="ko.js" skipped="0" tests="1" timestamp="2020-01-17T16:06:50.53251"><testcase classname="dependency-check" name="ko.js"/></testsuite><testsuite failures="0" id="94" name="/z/web/core/modules/toolbar/js/toolbar.menu.es6.js" package="toolbar.menu.es6.js" skipped="0" tests="1" timestamp="2020-01-17T16:06:50.53251"><testcase classname="dependency-check" name="toolbar.menu.es6.js"/></testsuite><testsuite failures="0" id="95" name="/z/web/libraries/jquery.select2/dist/js/i18n/dsb.js" package="dsb.js" skipped="0" tests="1" timestamp="2020-01-17T16:06:50.53251"><testcase classname="dependency-check" name="dsb.js"/></testsuite><testsuite failures="0" id="96" name="/z/web/core/misc/entity-form.es6.js" package="entity-form.es6.js" skipped="0" tests="1" timestamp="2020-01-17T16:06:50.53251"><testcase classname="dependency-check" name="entity-form.es6.js"/></testsuite><testsuite failures="0" id="97" name="/z/web/libraries/ckeditor.image/lang/en.js" package="en.js" skipped="0" tests="1" timestamp="2020-01-17T16:06:50.53251"><testcase classname="dependency-check" name="en.js"/></testsuite><testsuite failures="0" id="98" name="/z/web/core/assets/vendor/ckeditor/lang/fr-ca.js" package="fr-ca.js" skipped="0" tests="1" timestamp="2020-01-17T16:06:50.53251"><testcase classname="dependency-check" name="fr-ca.js"/></testsuite><testsuite failures="0" id="99" name="/z/web/libraries/ckeditor.codemirror/codemirror/js/codemirror.mode.php.min.js" package="codemirror.mode.php.min.js" skipped="0" tests="1" timestamp="2020-01-17T16:06:50.53251"><testcase classname="dependency-check" name="codemirror.mode.php.min.js"/></testsuite><testsuite failures="0" id="100" name="/z/web/core/assets/vendor/html5shiv/html5shiv.min.js" package="html5shiv.min.js" skipped="0" tests="1" timestamp="2020-01-17T16:06:50.53251"><testcase classname="dependency-check" name="html5shiv.min.js"/></testsuite><testsuite failures="0" id="101" name="/z/web/core/assets/vendor/ckeditor/plugins/specialchar/dialogs/lang/de.js" package="de.js" skipped="0" tests="1" timestamp="2020-01-17T16:06:50.53251"><testcase classname="dependency-check" name="de.js"/></testsuite><testsuite failures="0" id="102" name="/z/web/libraries/ckeditor.image/lang/da.js" package="da.js" skipped="0" tests="1" timestamp="2020-01-17T16:06:50.53251"><testcase classname="dependency-check" name="da.js"/></testsuite><testsuite failures="0" id="103" name="/z/web/core/assets/vendor/ckeditor/plugins/specialchar/dialogs/lang/cy.js" package="cy.js" skipped="0" tests="1" timestamp="2020-01-17T16:06:50.53251"><testcase classname="dependency-check" name="cy.js"/></testsuite><testsuite failures="0" id="104" name="/z/web/libraries/ckeditor.link/lang/es-mx.js" package="es-mx.js" skipped="0" tests="1" timestamp="2020-01-17T16:06:50.53251"><testcase classname="dependency-check" name="es-mx.js"/></testsuite><testsuite failures="0" id="105" name="/z/web/core/modules/tracker/js/tracker-history.es6.js" package="tracker-history.es6.js" skipped="0" tests="1" timestamp="2020-01-17T16:06:50.53251"><testcase classname="dependency-check" name="tracker-history.es6.js"/></testsuite><testsuite failures="0" id="106" name="/z/web/libraries/ckeditor.image/lang/bs.js" package="bs.js" skipped="0" tests="1" timestamp="2020-01-17T16:06:50.53251"><testcase classname="dependency-check" name="bs.js"/></testsuite><testsuite failures="0" id="107" name="/z/web/core/assets/vendor/ckeditor/plugins/a11yhelp/dialogs/lang/bg.js" package="bg.js" skipped="0" tests="1" timestamp="2020-01-17T16:06:50.53251"><testcase classname="dependency-check" name="bg.js"/></testsuite><testsuite failures="0" id="108" name="/z/web/libraries/ckeditor.codemirror/codemirror/js/codemirror.mode.handlebars.min.js" package="codemirror.mode.handlebars.min.js" skipped="0" tests="1" timestamp="2020-01-17T16:06:50.53251"><testcase classname="dependency-check" name="codemirror.mode.handlebars.min.js"/></testsuite><testsuite failures="0" id="109" name="/z/web/core/assets/vendor/ckeditor/plugins/specialchar/dialogs/lang/id.js" package="id.js" skipped="0" tests="1" timestamp="2020-01-17T16:06:50.53251"><testcase classname="dependency-check" name="id.js"/></testsuite><testsuite failures="0" id="110" name="/z/web/core/assets/vendor/jquery.ui/ui/widgets/checkboxradio-min.js" package="checkboxradio-min.js" skipped="0" tests="1" timestamp="2020-01-17T16:06:50.53251"><testcase classname="dependency-check" name="checkboxradio-min.js"/></testsuite><testsuite failures="0" id="111" name="/z/web/core/modules/contextual/js/views/RegionView.js" package="RegionView.js" skipped="0" tests="1" timestamp="2020-01-17T16:06:50.53251"><testcase classname="dependency-check" name="RegionView.js"/></testsuite><testsuite failures="0" id="112" name="/z/web/libraries/ckeditor.image/lang/af.js" package="af.js" skipped="0" tests="1" timestamp="2020-01-17T16:06:50.53251"><testcase classname="dependency-check" name="af.js"/></testsuite><testsuite failures="0" id="113" name="/z/web/libraries/ckeditor.fakeobjects/lang/nl.js" package="nl.js" skipped="0" tests="1" timestamp="2020-01-17T16:06:50.53251"><testcase classname="dependency-check" name="nl.js"/></testsuite><testsuite failures="0" id="114" name="/z/web/core/assets/vendor/jquery.ui/ui/form-reset-mixin-min.js" package="form-reset-mixin-min.js" skipped="0" tests="1" timestamp="2020-01-17T16:06:50.53251"><testcase classname="dependency-check" name="form-reset-mixin-min.js"/></testsuite><testsuite failures="0" id="115" name="/z/web/libraries/ckeditor.fakeobjects/lang/oc.js" package="oc.js" skipped="0" tests="1" timestamp="2020-01-17T16:06:50.53251"><testcase classname="dependency-check" name="oc.js"/></testsuite><testsuite failures="0" id="116" name="/z/web/modules/contrib/visitors/jquery.jqplot/plugins/jqplot.dragable.min.js" package="jqplot.dragable.min.js" skipped="0" tests="1" timestamp="2020-01-17T16:06:50.53251"><testcase classname="dependency-check" name="jqplot.dragable.min.js"/></testsuite><testsuite failures="0" id="117" name="/z/web/libraries/jquery.select2/dist/js/i18n/mk.js" package="mk.js" skipped="0" tests="1" timestamp="2020-01-17T16:06:50.53251"><testcase classname="dependency-check" name="mk.js"/></testsuite><testsuite failures="0" id="118" name="/z/static/js/jquery-3.4.1.min.js" package="jquery-3.4.1.min.js" skipped="0" tests="1" timestamp="2020-01-17T16:06:50.53251"><testcase classname="dependency-check" name="jquery-3.4.1.min.js"/></testsuite><testsuite failures="0" id="119" name="/z/web/modules/contrib/webform/js/webform.announce.js" package="webform.announce.js" skipped="0" tests="1" timestamp="2020-01-17T16:06:50.53251"><testcase classname="dependency-check" name="webform.announce.js"/></testsuite><testsuite failures="0" id="120" name="/z/web/libraries/jquery.select2/dist/js/i18n/lt.js" package="lt.js" skipped="0" tests="1" timestamp="2020-01-17T16:06:50.53251"><testcase classname="dependency-check" name="lt.js"/></testsuite><testsuite failures="0" id="121" name="/z/web/modules/contrib/visitors/jquery.jqplot/plugins/jqplot.canvasAxisLabelRenderer.js" package="jqplot.canvasAxisLabelRenderer.js" skipped="0" tests="1" timestamp="2020-01-17T16:06:50.53251"><testcase classname="dependency-check" name="jqplot.canvasAxisLabelRenderer.js"/></testsuite><testsuite failures="0" id="122" name="/z/web/core/modules/color/preview.es6.js" package="preview.es6.js" skipped="0" tests="1" timestamp="2020-01-17T16:06:50.53251"><testcase classname="dependency-check" name="preview.es6.js"/></testsuite><testsuite failures="0" id="123" name="/z/web/libraries/jquery.select2/dist/js/i18n/nb.js" package="nb.js" skipped="0" tests="1" timestamp="2020-01-17T16:06:50.53251"><testcase classname="dependency-check" name="nb.js"/></testsuite><testsuite failures="0" id="124" name="/z/web/modules/contrib/webform/js/webform.element.inputhide.js" package="webform.element.inputhide.js" skipped="0" tests="1" timestamp="2020-01-17T16:06:50.53251"><testcase classname="dependency-check" name="webform.element.inputhide.js"/></testsuite><testsuite failures="0" id="125" name="/z/web/libraries/ckeditor.fakeobjects/lang/ca.js" package="ca.js" skipped="0" tests="1" timestamp="2020-01-17T16:06:50.53251"><testcase classname="dependency-check" name="ca.js"/></testsuite><testsuite failures="0" id="126" name="/z/web/core/assets/vendor/farbtastic/farbtastic.js" package="farbtastic.js" skipped="0" tests="1" timestamp="2020-01-17T16:06:50.53251"><testcase classname="dependency-check" name="farbtastic.js"/></testsuite><testsuite failures="0" id="127" name="/z/web/libraries/ckeditor.fakeobjects/lang/fr.js" package="fr.js" skipped="0" tests="1" timestamp="2020-01-17T16:06:50.53251"><testcase classname="dependency-check" name="fr.js"/></testsuite><testsuite failures="0" id="128" name="/z/web/libraries/jquery.rateit/scripts/jquery.rateit.min.js" package="jquery.rateit.min.js" skipped="0" tests="1" timestamp="2020-01-17T16:06:50.53251"><testcase classname="dependency-check" name="jquery.rateit.min.js"/></testsuite><testsuite failures="0" id="129" name="/z/web/libraries/jquery.select2/dist/js/i18n/ru.js" package="ru.js" skipped="0" tests="1" timestamp="2020-01-17T16:06:50.53251"><testcase classname="dependency-check" name="ru.js"/></testsuite><testsuite failures="0" id="130" name="/z/web/libraries/jquery.select2/dist/js/i18n/sl.js" package="sl.js" skipped="0" tests="1" timestamp="2020-01-17T16:06:50.53251"><testcase classname="dependency-check" name="sl.js"/></testsuite><testsuite failures="0" id="131" name="/z/web/modules/contrib/webform/modules/webform_bootstrap/js/webform_bootstrap.states.js" package="webform_bootstrap.states.js" skipped="0" tests="1" timestamp="2020-01-17T16:06:50.53251"><testcase classname="dependency-check" name="webform_bootstrap.states.js"/></testsuite><testsuite failures="0" id="132" name="/z/web/core/modules/statistics/statistics.es6.js" package="statistics.es6.js" skipped="0" tests="1" timestamp="2020-01-17T16:06:50.53251"><testcase classname="dependency-check" name="statistics.es6.js"/></testsuite><testsuite failures="0" id="133" name="/z/web/core/misc/dropbutton/dropbutton.js" package="dropbutton.js" skipped="0" tests="1" timestamp="2020-01-17T16:06:50.53251"><testcase classname="dependency-check" name="dropbutton.js"/></testsuite><testsuite failures="0" id="134" name="/z/web/libraries/ckeditor.image/lang/ms.js" package="ms.js" skipped="0" tests="1" timestamp="2020-01-17T16:06:50.53251"><testcase classname="dependency-check" name="ms.js"/></testsuite><testsuite failures="0" id="135" name="/z/web/libraries/ckeditor.image/lang/si.js" package="si.js" skipped="0" tests="1" timestamp="2020-01-17T16:06:50.53251"><testcase classname="dependency-check" name="si.js"/></testsuite><testsuite failures="0" id="136" name="/z/web/modules/contrib/insert/js/FileInserter.js" package="FileInserter.js" skipped="0" tests="1" timestamp="2020-01-17T16:06:50.53251"><testcase classname="dependency-check" name="FileInserter.js"/></testsuite><testsuite failures="0" id="137" name="/z/web/modules/contrib/webform/modules/webform_options_custom/js/webform_options_custom.element.js" package="webform_options_custom.element.js" skipped="0" tests="1" timestamp="2020-01-17T16:06:50.53251"><testcase classname="dependency-check" name="webform_options_custom.element.js"/></testsuite><testsuite failures="0" id="138" name="/z/web/modules/contrib/visitors/jquery.jqplot/plugins/jqplot.ciParser.js" package="jqplot.ciParser.js" skipped="0" tests="1" timestamp="2020-01-17T16:06:50.53251"><testcase classname="dependency-check" name="jqplot.ciParser.js"/></testsuite><testsuite failures="0" id="139" name="/z/web/core/assets/vendor/jquery.ui/ui/i18n/datepicker-nn.js" package="datepicker-nn.js" skipped="0" tests="1" timestamp="2020-01-17T16:06:50.53251"><testcase classname="dependency-check" name="datepicker-nn.js"/></testsuite><testsuite failures="0" id="140" name="/z/web/core/assets/vendor/jquery.ui/ui/i18n/datepicker-ml.js" package="datepicker-ml.js" skipped="0" tests="1" timestamp="2020-01-17T16:06:50.53251"><testcase classname="dependency-check" name="datepicker-ml.js"/></testsuite><testsuite failures="0" id="141" name="/z/web/core/assets/vendor/jquery.ui/ui/core-min.js" package="core-min.js" skipped="0" tests="1" timestamp="2020-01-17T16:06:50.53251"><testcase classname="dependency-check" name="core-min.js"/></testsuite><testsuite failures="0" id="142" name="/z/web/core/themes/seven/js/mobile.install.es6.js" package="mobile.install.es6.js" skipped="0" tests="1" timestamp="2020-01-17T16:06:50.53251"><testcase classname="dependency-check" name="mobile.install.es6.js"/></testsuite><testsuite failures="0" id="143" name="/z/web/modules/contrib/libraries/tests/assets/vendor/test_asset_library/example.js" package="example.js" skipped="0" tests="1" timestamp="2020-01-17T16:06:50.53251"><testcase classname="dependency-check" name="example.js"/></testsuite><testsuite failures="0" id="144" name="/z/web/modules/contrib/extlink/extlink.js" package="extlink.js" skipped="0" tests="1" timestamp="2020-01-17T16:06:50.53251"><testcase classname="dependency-check" name="extlink.js"/></testsuite><testsuite failures="0" id="145" name="/z/web/libraries/jquery.select2/dist/js/select2.js" package="select2.js" skipped="0" tests="1" timestamp="2020-01-17T16:06:50.53251"><testcase classname="dependency-check" name="select2.js"/></testsuite><testsuite failures="0" id="146" name="/z/web/core/modules/quickedit/js/models/AppModel.es6.js" package="AppModel.es6.js" skipped="0" tests="1" timestamp="2020-01-17T16:06:50.53251"><testcase classname="dependency-check" name="AppModel.es6.js"/></testsuite><testsuite failures="0" id="147" name="/z/web/core/assets/vendor/ckeditor/lang/sq.js" package="sq.js" skipped="0" tests="1" timestamp="2020-01-17T16:06:50.53251"><testcase classname="dependency-check" name="sq.js"/></testsuite><testsuite failures="0" id="148" name="/z/web/core/assets/vendor/ckeditor/lang/ro.js" package="ro.js" skipped="0" tests="1" timestamp="2020-01-17T16:06:50.53251"><testcase classname="dependency-check" name="ro.js"/></testsuite><testsuite failures="0" id="149" name="/z/web/core/assets/vendor/ckeditor/lang/th.js" package="th.js" skipped="0" tests="1" timestamp="2020-01-17T16:06:50.53251"><testcase classname="dependency-check" name="th.js"/></testsuite><testsuite failures="0" id="150" name="/z/web/core/tests/Drupal/Nightwatch/globals.js" package="globals.js" skipped="0" tests="1" timestamp="2020-01-17T16:06:50.53251"><testcase classname="dependency-check" name="globals.js"/></testsuite><testsuite failures="0" id="151" name="/z/web/libraries/ckeditor.link/lang/bg.js" package="bg.js" skipped="0" tests="1" timestamp="2020-01-17T16:06:50.53251"><testcase classname="dependency-check" name="bg.js"/></testsuite><testsuite failures="0" id="152" name="/z/web/libraries/ckeditor.link/lang/fo.js" package="fo.js" skipped="0" tests="1" timestamp="2020-01-17T16:06:50.53251"><testcase classname="dependency-check" name="fo.js"/></testsuite><testsuite failures="0" id="153" name="/z/web/core/assets/vendor/jquery.ui/ui/effects/effect-transfer-min.js" package="effect-transfer-min.js" skipped="0" tests="1" timestamp="2020-01-17T16:06:50.53251"><testcase classname="dependency-check" name="effect-transfer-min.js"/></testsuite><testsuite failures="0" id="154" name="/z/web/libraries/cropper/dist/cropper.common.js" package="cropper.common.js" skipped="0" tests="1" timestamp="2020-01-17T16:06:50.53251"><testcase classname="dependency-check" name="cropper.common.js"/></testsuite><testsuite failures="0" id="155" name="/z/web/core/modules/quickedit/js/views/EntityToolbarView.es6.js" package="EntityToolbarView.es6.js" skipped="0" tests="1" timestamp="2020-01-17T16:06:50.53251"><testcase classname="dependency-check" name="EntityToolbarView.es6.js"/></testsuite><testsuite failures="0" id="156" name="/z/web/core/modules/filter/filter.js" package="filter.js" skipped="0" tests="1" timestamp="2020-01-17T16:06:50.53251"><testcase classname="dependency-check" name="filter.js"/></testsuite><testsuite failures="0" id="157" name="/z/web/core/modules/ckeditor/js/views/AuralView.js" package="AuralView.js" skipped="0" tests="1" timestamp="2020-01-17T16:06:50.53251"><testcase classname="dependency-check" name="AuralView.js"/></testsuite><testsuite failures="0" id="158" name="/z/web/modules/contrib/webform/js/webform.element.radios.js" package="webform.element.radios.js" skipped="0" tests="1" timestamp="2020-01-17T16:06:50.53251"><testcase classname="dependency-check" name="webform.element.radios.js"/></testsuite><testsuite failures="0" id="159" name="/z/web/core/assets/vendor/jquery.ui/ui/i18n/datepicker-fi.js" package="datepicker-fi.js" skipped="0" tests="1" timestamp="2020-01-17T16:06:50.53251"><testcase classname="dependency-check" name="datepicker-fi.js"/></testsuite><testsuite failures="0" id="160" name="/z/web/libraries/ckeditor.link/lang/ja.js" package="ja.js" skipped="0" tests="1" timestamp="2020-01-17T16:06:50.53251"><testcase classname="dependency-check" name="ja.js"/></testsuite><testsuite failures="0" id="161" name="/z/web/modules/contrib/webform/js/webform.form.disable_back.js" package="webform.form.disable_back.js" skipped="0" tests="1" timestamp="2020-01-17T16:06:50.53251"><testcase classname="dependency-check" name="webform.form.disable_back.js"/></testsuite><testsuite failures="0" id="162" name="/z/web/core/assets/vendor/ckeditor/lang/ka.js" package="ka.js" skipped="0" tests="1" timestamp="2020-01-17T16:06:50.53251"><testcase classname="dependency-check" name="ka.js"/></testsuite><testsuite failures="0" id="163" name="/z/web/core/assets/vendor/jquery.ui/ui/i18n/datepicker-id.js" package="datepicker-id.js" skipped="0" tests="1" timestamp="2020-01-17T16:06:50.53251"><testcase classname="dependency-check" name="datepicker-id.js"/></testsuite><testsuite failures="0" id="164" name="/z/web/core/modules/node/node.js" package="node.js" skipped="0" tests="1" timestamp="2020-01-17T16:06:50.53251"><testcase classname="dependency-check" name="node.js"/></testsuite><testsuite failures="0" id="165" name="/z/web/core/misc/details-aria.js" package="details-aria.js" skipped="0" tests="1" timestamp="2020-01-17T16:06:50.53251"><testcase classname="dependency-check" name="details-aria.js"/></testsuite><testsuite failures="0" id="166" name="/z/web/modules/contrib/webform/js/webform.element.select2.js" package="webform.element.select2.js" skipped="0" tests="1" timestamp="2020-01-17T16:06:50.53251"><testcase classname="dependency-check" name="webform.element.select2.js"/></testsuite><testsuite failures="0" id="167" name="/z/web/core/assets/vendor/ckeditor/lang/is.js" package="is.js" skipped="0" tests="1" timestamp="2020-01-17T16:06:50.53251"><testcase classname="dependency-check" name="is.js"/></testsuite><testsuite failures="0" id="168" name="/z/web/core/modules/locale/locale.bulk.js" package="locale.bulk.js" skipped="0" tests="1" timestamp="2020-01-17T16:06:50.53251"><testcase classname="dependency-check" name="locale.bulk.js"/></testsuite><testsuite failures="0" id="169" name="/z/web/core/assets/vendor/jquery.ui/ui/i18n/datepicker-de.js" package="datepicker-de.js" skipped="0" tests="1" timestamp="2020-01-17T16:06:50.53251"><testcase classname="dependency-check" name="datepicker-de.js"/></testsuite><testsuite failures="0" id="170" name="/z/static/js/themescript.js" package="themescript.js" skipped="0" tests="1" timestamp="2020-01-17T16:06:50.53251"><testcase classname="dependency-check" name="themescript.js"/></testsuite><testsuite failures="0" id="171" name="/z/web/libraries/ckeditor.codemirror/codemirror/lang/is.js" package="is.js" skipped="0" tests="1" timestamp="2020-01-17T16:06:50.53251"><testcase classname="dependency-check" name="is.js"/></testsuite><testsuite failures="0" id="172" name="/z/web/libraries/jquery.select2/dist/js/i18n/sr-Cyrl.js" package="sr-Cyrl.js" skipped="0" tests="1" timestamp="2020-01-17T16:06:50.53251"><testcase classname="dependency-check" name="sr-Cyrl.js"/></testsuite><testsuite failures="0" id="173" name="/z/web/libraries/ckeditor.codemirror/codemirror/lang/ka.js" package="ka.js" skipped="0" tests="1" timestamp="2020-01-17T16:06:50.53251"><testcase classname="dependency-check" name="ka.js"/></testsuite><testsuite failures="0" id="174" name="/z/web/core/modules/user/user.js" package="user.js" skipped="0" tests="1" timestamp="2020-01-17T16:06:50.53251"><testcase classname="dependency-check" name="user.js"/></testsuite><testsuite failures="0" id="175" name="/z/web/modules/contrib/visitors/jquery.jqplot/plugins/jqplot.enhancedLegendRenderer.min.js" package="jqplot.enhancedLegendRenderer.min.js" skipped="0" tests="1" timestamp="2020-01-17T16:06:50.53251"><testcase classname="dependency-check" name="jqplot.enhancedLegendRenderer.min.js"/></testsuite><testsuite failures="0" id="176" name="/z/web/modules/contrib/webform/js/webform.wizard.pages.js" package="webform.wizard.pages.js" skipped="0" tests="1" timestamp="2020-01-17T16:06:50.53251"><testcase classname="dependency-check" name="webform.wizard.pages.js"/></testsuite><testsuite failures="0" id="177" name="/z/web/core/modules/system/tests/modules/js_webassert_test/js/js_webassert_test.wait_for_ajax_request.es6.js" package="js_webassert_test.wait_for_ajax_request.es6.js" skipped="0" tests="1" timestamp="2020-01-17T16:06:50.53251"><testcase classname="dependency-check" name="js_webassert_test.wait_for_ajax_request.es6.js"/></testsuite><testsuite failures="0" id="178" name="/z/web/core/modules/block/js/block.admin.es6.js" package="block.admin.es6.js" skipped="0" tests="1" timestamp="2020-01-17T16:06:50.53251"><testcase classname="dependency-check" name="block.admin.es6.js"/></testsuite><testsuite failures="0" id="179" name="/z/web/sites/default/files/js/js_h15juOIwcCIPtrYfmYIwnrp8cwtHPDBPGd8EN9IcVDo.js" package="js_h15juOIwcCIPtrYfmYIwnrp8cwtHPDBPGd8EN9IcVDo.js" skipped="0" tests="1" timestamp="2020-01-17T16:06:50.53251"><testcase classname="dependency-check" name="js_h15juOIwcCIPtrYfmYIwnrp8cwtHPDBPGd8EN9IcVDo.js"/></testsuite><testsuite failures="0" id="180" name="/z/web/modules/contrib/libraries/tests/example/example_2.js" package="example_2.js" skipped="0" tests="1" timestamp="2020-01-17T16:06:50.53251"><testcase classname="dependency-check" name="example_2.js"/></testsuite><testsuite failures="0" id="181" name="/z/web/core/modules/locale/tests/locale_test.js" package="locale_test.js" skipped="0" tests="1" timestamp="2020-01-17T16:06:50.53251"><testcase classname="dependency-check" name="locale_test.js"/></testsuite><testsuite failures="0" id="182" name="/z/web/modules/contrib/webform/modules/webform_bootstrap/tests/modules/webform_bootstrap_test_module/js/webform_bootstrap_test_module.js" package="webform_bootstrap_test_module.js" skipped="0" tests="1" timestamp="2020-01-17T16:06:50.53251"><testcase classname="dependency-check" name="webform_bootstrap_test_module.js"/></testsuite><testsuite failures="0" id="183" name="/z/web/modules/contrib/webform/js/webform.admin.tabledrag.js" package="webform.admin.tabledrag.js" skipped="0" tests="1" timestamp="2020-01-17T16:06:50.53251"><testcase classname="dependency-check" name="webform.admin.tabledrag.js"/></testsuite><testsuite failures="0" id="184" name="/z/web/libraries/ckeditor.codemirror/codemirror/lang/th.js" package="th.js" skipped="0" tests="1" timestamp="2020-01-17T16:06:50.53251"><testcase classname="dependency-check" name="th.js"/></testsuite><testsuite failures="0" id="185" name="/z/web/core/themes/stable/js/user.theme.es6.js" package="user.theme.es6.js" skipped="0" tests="1" timestamp="2020-01-17T16:06:50.53251"><testcase classname="dependency-check" name="user.theme.es6.js"/></testsuite><testsuite failures="0" id="186" name="/z/web/libraries/ckeditor.codemirror/codemirror/lang/ro.js" package="ro.js" skipped="0" tests="1" timestamp="2020-01-17T16:06:50.53251"><testcase classname="dependency-check" name="ro.js"/></testsuite><testsuite failures="0" id="187" name="/z/web/core/assets/vendor/ckeditor/plugins/a11yhelp/dialogs/lang/ja.js" package="ja.js" skipped="0" tests="1" timestamp="2020-01-17T16:06:50.53251"><testcase classname="dependency-check" name="ja.js"/></testsuite><testsuite failures="0" id="188" name="/z/web/libraries/jquery.inputmask/dist/inputmask/bindings/inputmask.binding.js" package="inputmask.binding.js" skipped="0" tests="1" timestamp="2020-01-17T16:06:50.53251"><testcase classname="dependency-check" name="inputmask.binding.js"/></testsuite><testsuite failures="0" id="189" name="/z/web/core/assets/vendor/jquery.ui/ui/unique-id-min.js" package="unique-id-min.js" skipped="0" tests="1" timestamp="2020-01-17T16:06:50.53251"><testcase classname="dependency-check" name="unique-id-min.js"/></testsuite><testsuite failures="0" id="190" name="/z/web/core/modules/editor/js/editor.js" package="editor.js" skipped="0" tests="1" timestamp="2020-01-17T16:06:50.53251"><testcase classname="dependency-check" name="editor.js"/></testsuite><testsuite failures="0" id="191" name="/z/web/core/modules/quickedit/js/views/EntityToolbarView.js" package="EntityToolbarView.js" skipped="0" tests="1" timestamp="2020-01-17T16:06:50.53251"><testcase classname="dependency-check" name="EntityToolbarView.js"/></testsuite><testsuite failures="0" id="192" name="/z/web/core/assets/vendor/jquery.ui/ui/i18n/datepicker-zh-CN.js" package="datepicker-zh-CN.js" skipped="0" tests="1" timestamp="2020-01-17T16:06:50.53251"><testcase classname="dependency-check" name="datepicker-zh-CN.js"/></testsuite><testsuite failures="0" id="193" name="/z/web/core/themes/claro/js/dropbutton.es6.js" package="dropbutton.es6.js" skipped="0" tests="1" timestamp="2020-01-17T16:06:50.53251"><testcase classname="dependency-check" name="dropbutton.es6.js"/></testsuite><testsuite failures="0" id="194" name="/z/web/themes/custom/s3waas/vendor/fontawesome/js/fontawesome.min.js" package="fontawesome.min.js" skipped="0" tests="1" timestamp="2020-01-17T16:06:50.53251"><testcase classname="dependency-check" name="fontawesome.min.js"/></testsuite><testsuite failures="0" id="195" name="/z/web/core/assets/vendor/ckeditor/plugins/clipboard/dialogs/paste.js" package="paste.js" skipped="0" tests="1" timestamp="2020-01-17T16:06:50.53251"><testcase classname="dependency-check" name="paste.js"/></testsuite><testsuite failures="0" id="196" name="/z/web/modules/contrib/libraries/tests/example/example_4.js" package="example_4.js" skipped="0" tests="1" timestamp="2020-01-17T16:06:50.53251"><testcase classname="dependency-check" name="example_4.js"/></testsuite><testsuite failures="0" id="197" name="/z/web/themes/custom/s3waas/vendor/fontawesome/js/all.min.js" package="all.min.js" skipped="0" tests="1" timestamp="2020-01-17T16:06:50.53251"><testcase classname="dependency-check" name="all.min.js"/></testsuite><testsuite failures="0" id="198" name="/z/web/core/assets/vendor/jquery.ui/ui/i18n/datepicker-cy-GB.js" package="datepicker-cy-GB.js" skipped="0" tests="1" timestamp="2020-01-17T16:06:50.53251"><testcase classname="dependency-check" name="datepicker-cy-GB.js"/></testsuite><testsuite failures="0" id="199" name="/z/web/modules/contrib/webform/js/webform.element.chosen.js" package="webform.element.chosen.js" skipped="0" tests="1" timestamp="2020-01-17T16:06:50.53251"><testcase classname="dependency-check" name="webform.element.chosen.js"/></testsuite><testsuite failures="0" id="200" name="/z/web/core/assets/vendor/ckeditor/vendor/promise.js" package="promise.js" skipped="0" tests="1" timestamp="2020-01-17T16:06:50.53251"><testcase classname="dependency-check" name="promise.js"/></testsuite><testsuite failures="0" id="201" name="/z/web/core/tests/Drupal/Tests/Core/Asset/js_test_files/latin_9.js" package="latin_9.js" skipped="0" tests="1" timestamp="2020-01-17T16:06:50.53251"><testcase classname="dependency-check" name="latin_9.js"/></testsuite><testsuite failures="0" id="202" name="/z/web/core/modules/ckeditor/js/ckeditor.drupalimage.admin.js" package="ckeditor.drupalimage.admin.js" skipped="0" tests="1" timestamp="2020-01-17T16:06:50.53251"><testcase classname="dependency-check" name="ckeditor.drupalimage.admin.js"/></testsuite><testsuite failures="0" id="203" name="/z/vendor/symfony/console/Resources/bin/hiddeninput.exe" package="hiddeninput.exe" skipped="0" tests="1" timestamp="2020-01-17T16:06:50.53251"><testcase classname="dependency-check" name="hiddeninput.exe"/></testsuite><testsuite failures="0" id="204" name="/z/web/modules/contrib/webform/js/webform.element.computed.js" package="webform.element.computed.js" skipped="0" tests="1" timestamp="2020-01-17T16:06:50.53251"><testcase classname="dependency-check" name="webform.element.computed.js"/></testsuite><testsuite failures="0" id="205" name="/z/web/core/assets/vendor/jquery.ui/ui/widgets/menu-min.js" package="menu-min.js" skipped="0" tests="1" timestamp="2020-01-17T16:06:50.53251"><testcase classname="dependency-check" name="menu-min.js"/></testsuite><testsuite failures="0" id="206" name="/z/web/libraries/ckeditor.fakeobjects/lang/es-mx.js" package="es-mx.js" skipped="0" tests="1" timestamp="2020-01-17T16:06:50.53251"><testcase classname="dependency-check" name="es-mx.js"/></testsuite><testsuite failures="0" id="207" name="/z/web/core/assets/vendor/jquery.ui/ui/widgets/slider-min.js" package="slider-min.js" skipped="0" tests="1" timestamp="2020-01-17T16:06:50.53251"><testcase classname="dependency-check" name="slider-min.js"/></testsuite><testsuite failures="0" id="208" name="/z/web/core/modules/media_library/js/media_library.ui.es6.js" package="media_library.ui.es6.js" skipped="0" tests="1" timestamp="2020-01-17T16:06:50.53251"><testcase classname="dependency-check" name="media_library.ui.es6.js"/></testsuite><testsuite failures="2" id="209" name="/z/web/modules/contrib/visitors/jquery.jqplot/jquery.min.js" package="jquery.min.js" skipped="0" tests="2" timestamp="2020-01-17T16:06:50.53251"><testcase classname="CVE-2015-9251" name="pkg:javascript/jquery@1.9.1"><failure message="cvssV3: MEDIUM, score: 6.1 (/AV:N/AC:L/PR:N/UI:R/S:C/C:L/I:L/A:N)"/><system-out>jQuery before 3.0.0 is vulnerable to Cross-site Scripting (XSS) attacks when a cross-domain Ajax request is performed without the dataType option, causing text/javascript responses to be executed.</system-out><system-err>location: /z/web/modules/contrib/visitors/jquery.jqplot/jquery.min.js</system-err></testcase><testcase classname="CVE-2019-11358" name="pkg:javascript/jquery@1.9.1"><failure message="cvssV3: MEDIUM, score: 6.1 (/AV:N/AC:L/PR:N/UI:R/S:C/C:L/I:L/A:N)"/><system-out>jQuery before 3.4.0, as used in Drupal, Backdrop CMS, and other products, mishandles jQuery.extend(true, {}, ...) because of Object.prototype pollution. If an unsanitized source object contained an enumerable __proto__ property, it could extend the native Object.prototype.</system-out><system-err>location: /z/web/modules/contrib/visitors/jquery.jqplot/jquery.min.js</system-err></testcase></testsuite><testsuite failures="0" id="210" name="/z/web/modules/contrib/photos/js/photos.jeditable.js" package="photos.jeditable.js" skipped="0" tests="1" timestamp="2020-01-17T16:06:50.53251"><testcase classname="dependency-check" name="photos.jeditable.js"/></testsuite><testsuite failures="0" id="211" name="/z/web/libraries/signature_pad/example/js/signature_pad.js" package="signature_pad.js" skipped="0" tests="1" timestamp="2020-01-17T16:06:50.53251"><testcase classname="dependency-check" name="signature_pad.js"/></testsuite><testsuite failures="0" id="212" name="/z/web/libraries/jquery.select2/dist/js/i18n/zh-CN.js" package="zh-CN.js" skipped="0" tests="1" timestamp="2020-01-17T16:06:50.53251"><testcase classname="dependency-check" name="zh-CN.js"/></testsuite><testsuite failures="0" id="213" name="/z/web/modules/contrib/webform/modules/webform_ui/js/webform_ui.js" package="webform_ui.js" skipped="0" tests="1" timestamp="2020-01-17T16:06:50.53251"><testcase classname="dependency-check" name="webform_ui.js"/></testsuite><testsuite failures="0" id="214" name="/z/web/modules/contrib/visitors/jquery.jqplot/plugins/jqplot.pyramidRenderer.min.js" package="jqplot.pyramidRenderer.min.js" skipped="0" tests="1" timestamp="2020-01-17T16:06:50.53251"><testcase classname="dependency-check" name="jqplot.pyramidRenderer.min.js"/></testsuite><testsuite failures="0" id="215" name="/z/web/core/assets/vendor/jquery.ui/ui/effects/effect-explode-min.js" package="effect-explode-min.js" skipped="0" tests="1" timestamp="2020-01-17T16:06:50.53251"><testcase classname="dependency-check" name="effect-explode-min.js"/></testsuite><testsuite failures="0" id="216" name="/z/web/modules/contrib/dynamic_entity_reference/js/dynamic-entity-reference-widget.js" package="dynamic-entity-reference-widget.js" skipped="0" tests="1" timestamp="2020-01-17T16:06:50.53251"><testcase classname="dependency-check" name="dynamic-entity-reference-widget.js"/></testsuite><testsuite failures="0" id="217" name="/z/web/libraries/jquery.textcounter/textcounter.js" package="textcounter.js" skipped="0" tests="1" timestamp="2020-01-17T16:06:50.53251"><testcase classname="dependency-check" name="textcounter.js"/></testsuite><testsuite failures="0" id="218" name="/z/web/core/assets/vendor/ckeditor/plugins/specialchar/dialogs/lang/ca.js" package="ca.js" skipped="0" tests="1" timestamp="2020-01-17T16:06:50.53251"><testcase classname="dependency-check" name="ca.js"/></testsuite><testsuite failures="0" id="219" name="/z/web/libraries/jquery.inputmask/qunit/tests_base.js" package="tests_base.js" skipped="0" tests="1" timestamp="2020-01-17T16:06:50.53251"><testcase classname="dependency-check" name="tests_base.js"/></testsuite><testsuite failures="0" id="220" name="/z/web/core/modules/color/color.js" package="color.js" skipped="0" tests="1" timestamp="2020-01-17T16:06:50.53251"><testcase classname="dependency-check" name="color.js"/></testsuite><testsuite failures="0" id="221" name="/z/web/core/assets/vendor/domready/ready.min.js" package="ready.min.js" skipped="0" tests="1" timestamp="2020-01-17T16:06:50.53251"><testcase classname="dependency-check" name="ready.min.js"/></testsuite><testsuite failures="0" id="222" name="/z/web/core/assets/vendor/ckeditor/plugins/a11yhelp/dialogs/lang/hu.js" package="hu.js" skipped="0" tests="1" timestamp="2020-01-17T16:06:50.53251"><testcase classname="dependency-check" name="hu.js"/></testsuite><testsuite failures="0" id="223" name="/z/web/libraries/ckeditor.link/lang/bn.js" package="bn.js" skipped="0" tests="1" timestamp="2020-01-17T16:06:50.53251"><testcase classname="dependency-check" name="bn.js"/></testsuite><testsuite failures="0" id="224" name="/z/web/libraries/ckeditor.link/lang/sr-latn.js" package="sr-latn.js" skipped="0" tests="1" timestamp="2020-01-17T16:06:50.53251"><testcase classname="dependency-check" name="sr-latn.js"/></testsuite><testsuite failures="0" id="225" name="/z/web/modules/contrib/indic_script/kanni/lang/tamil.js" package="tamil.js" skipped="0" tests="1" timestamp="2020-01-17T16:06:50.53251"><testcase classname="dependency-check" name="tamil.js"/></testsuite><testsuite failures="0" id="226" name="/z/web/core/scripts/css/compile.js" package="compile.js" skipped="0" tests="1" timestamp="2020-01-17T16:06:50.53251"><testcase classname="dependency-check" name="compile.js"/></testsuite><testsuite failures="0" id="227" name="/z/web/core/misc/dialog/off-canvas.js" package="off-canvas.js" skipped="0" tests="1" timestamp="2020-01-17T16:06:50.53251"><testcase classname="dependency-check" name="off-canvas.js"/></testsuite><testsuite failures="0" id="228" name="/z/web/core/assets/vendor/ckeditor/lang/hu.js" package="hu.js" skipped="0" tests="1" timestamp="2020-01-17T16:06:50.53251"><testcase classname="dependency-check" name="hu.js"/></testsuite><testsuite failures="0" id="229" name="/z/web/core/modules/quickedit/js/views/FieldToolbarView.es6.js" package="FieldToolbarView.es6.js" skipped="0" tests="1" timestamp="2020-01-17T16:06:50.53251"><testcase classname="dependency-check" name="FieldToolbarView.es6.js"/></testsuite><testsuite failures="0" id="230" name="/z/web/libraries/ckeditor.link/lang/et.js" package="et.js" skipped="0" tests="1" timestamp="2020-01-17T16:06:50.53251"><testcase classname="dependency-check" name="et.js"/></testsuite><testsuite failures="0" id="231" name="/z/web/core/modules/language/language.admin.es6.js" package="language.admin.es6.js" skipped="0" tests="1" timestamp="2020-01-17T16:06:50.53251"><testcase classname="dependency-check" name="language.admin.es6.js"/></testsuite><testsuite failures="0" id="232" name="/z/web/libraries/jquery.select2/dist/js/i18n/vi.js" package="vi.js" skipped="0" tests="1" timestamp="2020-01-17T16:06:50.53251"><testcase classname="dependency-check" name="vi.js"/></testsuite><testsuite failures="0" id="233" name="/z/web/libraries/jquery.timepicker/lib/site.js" package="site.js" skipped="0" tests="1" timestamp="2020-01-17T16:06:50.53251"><testcase classname="dependency-check" name="site.js"/></testsuite><testsuite failures="0" id="234" name="/z/web/libraries/jquery.inputmask/qunit/tests_multi.js" package="tests_multi.js" skipped="0" tests="1" timestamp="2020-01-17T16:06:50.53251"><testcase classname="dependency-check" name="tests_multi.js"/></testsuite><testsuite failures="0" id="235" name="/z/web/core/modules/contextual/js/toolbar/models/StateModel.js" package="StateModel.js" skipped="0" tests="1" timestamp="2020-01-17T16:06:50.53251"><testcase classname="dependency-check" name="StateModel.js"/></testsuite><testsuite failures="0" id="236" name="/z/web/libraries/ckeditor.link/lang/fr-ca.js" package="fr-ca.js" skipped="0" tests="1" timestamp="2020-01-17T16:06:50.53251"><testcase classname="dependency-check" name="fr-ca.js"/></testsuite><testsuite failures="0" id="237" name="/z/web/core/tests/Drupal/Tests/Core/Asset/js_test_files/utf16_bom.js.optimized.js" package="utf16_bom.js.optimized.js" skipped="0" tests="1" timestamp="2020-01-17T16:06:50.53251"><testcase classname="dependency-check" name="utf16_bom.js.optimized.js"/></testsuite><testsuite failures="0" id="238" name="/z/web/libraries/ckeditor.link/lang/pt.js" package="pt.js" skipped="0" tests="1" timestamp="2020-01-17T16:06:50.53251"><testcase classname="dependency-check" name="pt.js"/></testsuite><testsuite failures="0" id="239" name="/z/web/modules/contrib/webform/js/webform.contextual.js" package="webform.contextual.js" skipped="0" tests="1" timestamp="2020-01-17T16:06:50.53251"><testcase classname="dependency-check" name="webform.contextual.js"/></testsuite><testsuite failures="0" id="240" name="/z/web/libraries/ckeditor.codemirror/codemirror/js/codemirror.mode.javascript.min.js" package="codemirror.mode.javascript.min.js" skipped="0" tests="1" timestamp="2020-01-17T16:06:50.53251"><testcase classname="dependency-check" name="codemirror.mode.javascript.min.js"/></testsuite><testsuite failures="0" id="241" name="/z/web/core/assets/vendor/ckeditor/plugins/specialchar/dialogs/lang/fr.js" package="fr.js" skipped="0" tests="1" timestamp="2020-01-17T16:06:50.53251"><testcase classname="dependency-check" name="fr.js"/></testsuite><testsuite failures="0" id="242" name="/z/web/libraries/codemirror/lang/en-gb.js" package="en-gb.js" skipped="0" tests="1" timestamp="2020-01-17T16:06:50.53251"><testcase classname="dependency-check" name="en-gb.js"/></testsuite><testsuite failures="0" id="243" name="/z/web/libraries/ckeditor.link/lang/ku.js" package="ku.js" skipped="0" tests="1" timestamp="2020-01-17T16:06:50.53251"><testcase classname="dependency-check" name="ku.js"/></testsuite><testsuite failures="0" id="244" name="/z/web/libraries/jquery.image-picker/image-picker/image-picker.min.js" package="image-picker.min.js" skipped="0" tests="1" timestamp="2020-01-17T16:06:50.53251"><testcase classname="dependency-check" name="image-picker.min.js"/></testsuite><testsuite failures="0" id="245" name="/z/web/core/assets/vendor/ckeditor/plugins/specialchar/dialogs/lang/oc.js" package="oc.js" skipped="0" tests="1" timestamp="2020-01-17T16:06:50.53251"><testcase classname="dependency-check" name="oc.js"/></testsuite><testsuite failures="0" id="246" name="/z/web/libraries/signature_pad/example/js/app.js" package="app.js" skipped="0" tests="1" timestamp="2020-01-17T16:06:50.53251"><testcase classname="dependency-check" name="app.js"/></testsuite><testsuite failures="0" id="247" name="/z/web/core/assets/vendor/ckeditor/plugins/specialchar/dialogs/lang/nl.js" package="nl.js" skipped="0" tests="1" timestamp="2020-01-17T16:06:50.53251"><testcase classname="dependency-check" name="nl.js"/></testsuite><testsuite failures="0" id="248" name="/z/web/core/assets/vendor/ckeditor/lang/ar.js" package="ar.js" skipped="0" tests="1" timestamp="2020-01-17T16:06:50.53251"><testcase classname="dependency-check" name="ar.js"/></testsuite><testsuite failures="0" id="249" name="/z/web/libraries/ckeditor.link/lang/mn.js" package="mn.js" skipped="0" tests="1" timestamp="2020-01-17T16:06:50.53251"><testcase classname="dependency-check" name="mn.js"/></testsuite><testsuite failures="0" id="250" name="/z/web/core/assets/vendor/ckeditor/lang/eo.js" package="eo.js" skipped="0" tests="1" timestamp="2020-01-17T16:06:50.53251"><testcase classname="dependency-check" name="eo.js"/></testsuite><testsuite failures="0" id="251" name="/z/web/libraries/codemirror/js/codemirror.mode.bbcodemixed.min.js" package="codemirror.mode.bbcodemixed.min.js" skipped="0" tests="1" timestamp="2020-01-17T16:06:50.53251"><testcase classname="dependency-check" name="codemirror.mode.bbcodemixed.min.js"/></testsuite><testsuite failures="0" id="252" name="/z/web/core/modules/history/js/mark-as-read.js" package="mark-as-read.js" skipped="0" tests="1" timestamp="2020-01-17T16:06:50.53251"><testcase classname="dependency-check" name="mark-as-read.js"/></testsuite><testsuite failures="0" id="253" name="/z/web/modules/contrib/visitors/jquery.jqplot/plugins/jqplot.ciParser.min.js" package="jqplot.ciParser.min.js" skipped="0" tests="1" timestamp="2020-01-17T16:06:50.53251"><testcase classname="dependency-check" name="jqplot.ciParser.min.js"/></testsuite><testsuite failures="0" id="254" name="/z/web/core/modules/image/js/theme.js" package="theme.js" skipped="0" tests="1" timestamp="2020-01-17T16:06:50.53251"><testcase classname="dependency-check" name="theme.js"/></testsuite><testsuite failures="0" id="255" name="/z/web/core/assets/vendor/ckeditor/plugins/specialchar/dialogs/lang/sk.js" package="sk.js" skipped="0" tests="1" timestamp="2020-01-17T16:06:50.53251"><testcase classname="dependency-check" name="sk.js"/></testsuite><testsuite failures="0" id="256" name="/z/web/core/themes/claro/js/autocomplete.es6.js" package="autocomplete.es6.js" skipped="0" tests="1" timestamp="2020-01-17T16:06:50.53251"><testcase classname="dependency-check" name="autocomplete.es6.js"/></testsuite><testsuite failures="0" id="257" name="/z/web/core/assets/vendor/ckeditor/plugins/specialchar/dialogs/lang/sv.js" package="sv.js" skipped="0" tests="1" timestamp="2020-01-17T16:06:50.53251"><testcase classname="dependency-check" name="sv.js"/></testsuite><testsuite failures="0" id="258" name="/z/web/libraries/jquery.inputmask/dist/min/inputmask/dependencyLibs/inputmask.dependencyLib.jqlite.min.js" package="inputmask.dependencyLib.jqlite.min.js" skipped="0" tests="1" timestamp="2020-01-17T16:06:50.53251"><testcase classname="dependency-check" name="inputmask.dependencyLib.jqlite.min.js"/></testsuite><testsuite failures="0" id="259" name="/z/web/libraries/jquery.inputmask/qunit/tests_dynamic.js" package="tests_dynamic.js" skipped="0" tests="1" timestamp="2020-01-17T16:06:50.53251"><testcase classname="dependency-check" name="tests_dynamic.js"/></testsuite><testsuite failures="0" id="260" name="/z/web/libraries/jquery.select2/dist/js/i18n/hy.js" package="hy.js" skipped="0" tests="1" timestamp="2020-01-17T16:06:50.53251"><testcase classname="dependency-check" name="hy.js"/></testsuite><testsuite failures="0" id="261" name="/z/web/core/assets/vendor/jquery.ui/ui/effects/effect-puff-min.js" package="effect-puff-min.js" skipped="0" tests="1" timestamp="2020-01-17T16:06:50.53251"><testcase classname="dependency-check" name="effect-puff-min.js"/></testsuite><testsuite failures="0" id="262" name="/z/web/core/themes/claro/js/details.es6.js" package="details.es6.js" skipped="0" tests="1" timestamp="2020-01-17T16:06:50.53251"><testcase classname="dependency-check" name="details.es6.js"/></testsuite><testsuite failures="0" id="263" name="/z/web/core/modules/media_library/js/media_library.view.js" package="media_library.view.js" skipped="0" tests="1" timestamp="2020-01-17T16:06:50.53251"><testcase classname="dependency-check" name="media_library.view.js"/></testsuite><testsuite failures="0" id="264" name="/z/web/libraries/jquery.select2/dist/js/i18n/gl.js" package="gl.js" skipped="0" tests="1" timestamp="2020-01-17T16:06:50.53251"><testcase classname="dependency-check" name="gl.js"/></testsuite><testsuite failures="0" id="265" name="/z/web/core/modules/system/tests/modules/tabledrag_test/js/tabledrag_test.es6.js" package="tabledrag_test.es6.js" skipped="0" tests="1" timestamp="2020-01-17T16:06:50.53251"><testcase classname="dependency-check" name="tabledrag_test.es6.js"/></testsuite><testsuite failures="0" id="266" name="/z/web/libraries/signature_pad/gulpfile.js" package="gulpfile.js" skipped="0" tests="1" timestamp="2020-01-17T16:06:50.53251"><testcase classname="dependency-check" name="gulpfile.js"/></testsuite><testsuite failures="0" id="267" name="/z/web/core/themes/claro/js/ajax.es6.js" package="ajax.es6.js" skipped="0" tests="1" timestamp="2020-01-17T16:06:50.53251"><testcase classname="dependency-check" name="ajax.es6.js"/></testsuite><testsuite failures="0" id="268" name="/z/web/libraries/jquery.select2/dist/js/i18n/es.js" package="es.js" skipped="0" tests="1" timestamp="2020-01-17T16:06:50.53251"><testcase classname="dependency-check" name="es.js"/></testsuite><testsuite failures="0" id="269" name="/z/web/core/scripts/js/compile.js" package="compile.js" skipped="0" tests="1" timestamp="2020-01-17T16:06:50.53251"><testcase classname="dependency-check" name="compile.js"/></testsuite><testsuite failures="0" id="270" name="/z/web/core/modules/media_library/js/media_library.ui.js" package="media_library.ui.js" skipped="0" tests="1" timestamp="2020-01-17T16:06:50.53251"><testcase classname="dependency-check" name="media_library.ui.js"/></testsuite><testsuite failures="0" id="271" name="/z/web/core/assets/vendor/jquery.ui/ui/widget-min.js" package="widget-min.js" skipped="0" tests="1" timestamp="2020-01-17T16:06:50.53251"><testcase classname="dependency-check" name="widget-min.js"/></testsuite><testsuite failures="0" id="272" name="/z/web/libraries/jquery.select2/dist/js/i18n/lv.js" package="lv.js" skipped="0" tests="1" timestamp="2020-01-17T16:06:50.53251"><testcase classname="dependency-check" name="lv.js"/></testsuite><testsuite failures="0" id="273" name="/z/web/libraries/jquery.inputmask/dist/min/inputmask/inputmask.numeric.extensions.min.js" package="inputmask.numeric.extensions.min.js" skipped="0" tests="1" timestamp="2020-01-17T16:06:50.53251"><testcase classname="dependency-check" name="inputmask.numeric.extensions.min.js"/></testsuite><testsuite failures="0" id="274" name="/z/web/core/tests/Drupal/Nightwatch/Tests/loginTest.js" package="loginTest.js" skipped="0" tests="1" timestamp="2020-01-17T16:06:50.53251"><testcase classname="dependency-check" name="loginTest.js"/></testsuite><testsuite failures="0" id="275" name="/z/web/libraries/jquery.select2/dist/js/i18n/ps.js" package="ps.js" skipped="0" tests="1" timestamp="2020-01-17T16:06:50.53251"><testcase classname="dependency-check" name="ps.js"/></testsuite><testsuite failures="0" id="276" name="/z/web/core/modules/ckeditor/js/plugins/drupalimagecaption/plugin.js" package="plugin.js" skipped="0" tests="1" timestamp="2020-01-17T16:06:50.53251"><testcase classname="dependency-check" name="plugin.js"/></testsuite><testsuite failures="0" id="277" name="/z/web/core/misc/states.js" package="states.js" skipped="0" tests="1" timestamp="2020-01-17T16:06:50.53251"><testcase classname="dependency-check" name="states.js"/></testsuite><testsuite failures="0" id="278" name="/z/web/core/assets/vendor/jquery.ui/ui/widgets/tabs-min.js" package="tabs-min.js" skipped="0" tests="1" timestamp="2020-01-17T16:06:50.53251"><testcase classname="dependency-check" name="tabs-min.js"/></testsuite><testsuite failures="0" id="279" name="/z/web/core/modules/ckeditor/js/ckeditor.language.admin.es6.js" package="ckeditor.language.admin.es6.js" skipped="0" tests="1" timestamp="2020-01-17T16:06:50.53251"><testcase classname="dependency-check" name="ckeditor.language.admin.es6.js"/></testsuite><testsuite failures="0" id="280" name="/z/web/modules/contrib/visitors/jquery.jqplot/plugins/jqplot.ohlcRenderer.js" package="jqplot.ohlcRenderer.js" skipped="0" tests="1" timestamp="2020-01-17T16:06:50.53251"><testcase classname="dependency-check" name="jqplot.ohlcRenderer.js"/></testsuite><testsuite failures="0" id="281" name="/z/web/core/assets/vendor/jquery.ui/ui/i18n/datepicker-nl.js" package="datepicker-nl.js" skipped="0" tests="1" timestamp="2020-01-17T16:06:50.53251"><testcase classname="dependency-check" name="datepicker-nl.js"/></testsuite><testsuite failures="0" id="282" name="/z/web/themes/custom/s3waas/vendor/fontawesome/js/regular.js" package="regular.js" skipped="0" tests="1" timestamp="2020-01-17T16:06:50.53251"><testcase classname="dependency-check" name="regular.js"/></testsuite><testsuite failures="0" id="283" name="/z/web/core/assets/vendor/jquery.ui/ui/i18n/datepicker-sv.js" package="datepicker-sv.js" skipped="0" tests="1" timestamp="2020-01-17T16:06:50.53251"><testcase classname="dependency-check" name="datepicker-sv.js"/></testsuite><testsuite failures="0" id="284" name="/z/web/core/assets/vendor/jquery.ui/ui/i18n/datepicker-sk.js" package="datepicker-sk.js" skipped="0" tests="1" timestamp="2020-01-17T16:06:50.53251"><testcase classname="dependency-check" name="datepicker-sk.js"/></testsuite><testsuite failures="0" id="285" name="/z/web/libraries/jquery.inputmask/qunit/index.js" package="index.js" skipped="0" tests="1" timestamp="2020-01-17T16:06:50.53251"><testcase classname="dependency-check" name="index.js"/></testsuite><testsuite failures="0" id="286" name="/z/web/libraries/ckeditor.link/lang/is.js" package="is.js" skipped="0" tests="1" timestamp="2020-01-17T16:06:50.53251"><testcase classname="dependency-check" name="is.js"/></testsuite><testsuite failures="0" id="287" name="/z/web/core/assets/vendor/jquery.ui/ui/keycode-min.js" package="keycode-min.js" skipped="0" tests="1" timestamp="2020-01-17T16:06:50.53251"><testcase classname="dependency-check" name="keycode-min.js"/></testsuite><testsuite failures="0" id="288" name="/z/web/libraries/ckeditor.link/lang/ka.js" package="ka.js" skipped="0" tests="1" timestamp="2020-01-17T16:06:50.53251"><testcase classname="dependency-check" name="ka.js"/></testsuite><testsuite failures="0" id="289" name="/z/web/libraries/ckeditor.codemirror/codemirror/lang/et.js" package="et.js" skipped="0" tests="1" timestamp="2020-01-17T16:06:50.53251"><testcase classname="dependency-check" name="et.js"/></testsuite><testsuite failures="0" id="290" name="/z/web/core/misc/tabbingmanager.es6.js" package="tabbingmanager.es6.js" skipped="0" tests="1" timestamp="2020-01-17T16:06:50.53251"><testcase classname="dependency-check" name="tabbingmanager.es6.js"/></testsuite><testsuite failures="0" id="291" name="/z/web/core/assets/vendor/ckeditor/build-config.js" package="build-config.js" skipped="0" tests="1" timestamp="2020-01-17T16:06:50.53251"><testcase classname="dependency-check" name="build-config.js"/></testsuite><testsuite failures="0" id="292" name="/z/web/core/modules/system/js/system.modules.js" package="system.modules.js" skipped="0" tests="1" timestamp="2020-01-17T16:06:50.53251"><testcase classname="dependency-check" name="system.modules.js"/></testsuite><testsuite failures="0" id="293" name="/z/web/core/assets/vendor/jquery.ui/ui/i18n/datepicker-fr.js" package="datepicker-fr.js" skipped="0" tests="1" timestamp="2020-01-17T16:06:50.53251"><testcase classname="dependency-check" name="datepicker-fr.js"/></testsuite><testsuite failures="0" id="294" name="/z/web/modules/contrib/visitors/jquery.jqplot/plugins/jqplot.mobile.min.js" package="jqplot.mobile.min.js" skipped="0" tests="1" timestamp="2020-01-17T16:06:50.53251"><testcase classname="dependency-check" name="jqplot.mobile.min.js"/></testsuite><testsuite failures="0" id="295" name="/z/web/libraries/ckeditor.codemirror/codemirror/lang/bn.js" package="bn.js" skipped="0" tests="1" timestamp="2020-01-17T16:06:50.53251"><testcase classname="dependency-check" name="bn.js"/></testsuite><testsuite failures="0" id="296" name="/z/web/modules/contrib/webform/js/webform.form.submit_once.js" package="webform.form.submit_once.js" skipped="0" tests="1" timestamp="2020-01-17T16:06:50.53251"><testcase classname="dependency-check" name="webform.form.submit_once.js"/></testsuite><testsuite failures="0" id="297" name="/z/web/core/modules/editor/js/editor.admin.es6.js" package="editor.admin.es6.js" skipped="0" tests="1" timestamp="2020-01-17T16:06:50.53251"><testcase classname="dependency-check" name="editor.admin.es6.js"/></testsuite><testsuite failures="0" id="298" name="/z/web/core/assets/vendor/ckeditor/plugins/a11yhelp/dialogs/lang/en-au.js" package="en-au.js" skipped="0" tests="1" timestamp="2020-01-17T16:06:50.53251"><testcase classname="dependency-check" name="en-au.js"/></testsuite><testsuite failures="0" id="299" name="/z/web/libraries/ckeditor.codemirror/codemirror/lang/mn.js" package="mn.js" skipped="0" tests="1" timestamp="2020-01-17T16:06:50.53251"><testcase classname="dependency-check" name="mn.js"/></testsuite><testsuite failures="0" id="300" name="/z/web/core/modules/system/tests/modules/css_disable_transitions_test/js/disable_transitions.theme.js" package="disable_transitions.theme.js" skipped="0" tests="1" timestamp="2020-01-17T16:06:50.53251"><testcase classname="dependency-check" name="disable_transitions.theme.js"/></testsuite><testsuite failures="0" id="301" name="/z/web/core/modules/node/content_types.js" package="content_types.js" skipped="0" tests="1" timestamp="2020-01-17T16:06:50.53251"><testcase classname="dependency-check" name="content_types.js"/></testsuite><testsuite failures="0" id="302" name="/z/web/libraries/jquery.intl-tel-input/build/js/utils.js" package="utils.js" skipped="0" tests="1" timestamp="2020-01-17T16:06:50.53251"><testcase classname="dependency-check" name="utils.js"/></testsuite><testsuite failures="0" id="303" name="/z/web/themes/custom/s3waas/vendor/fontawesome/js/solid.js" package="solid.js" skipped="0" tests="1" timestamp="2020-01-17T16:06:50.53251"><testcase classname="dependency-check" name="solid.js"/></testsuite><testsuite failures="0" id="304" name="/z/web/modules/contrib/visitors/jquery.jqplot/plugins/jqplot.donutRenderer.min.js" package="jqplot.donutRenderer.min.js" skipped="0" tests="1" timestamp="2020-01-17T16:06:50.53251"><testcase classname="dependency-check" name="jqplot.donutRenderer.min.js"/></testsuite><testsuite failures="0" id="305" name="/z/web/core/assets/vendor/jquery.ui/ui/i18n/datepicker-ca.js" package="datepicker-ca.js" skipped="0" tests="1" timestamp="2020-01-17T16:06:50.53251"><testcase classname="dependency-check" name="datepicker-ca.js"/></testsuite><testsuite failures="0" id="306" name="/z/web/modules/contrib/webform/js/webform.form.submit_back.js" package="webform.form.submit_back.js" skipped="0" tests="1" timestamp="2020-01-17T16:06:50.53251"><testcase classname="dependency-check" name="webform.form.submit_back.js"/></testsuite><testsuite failures="0" id="307" name="/z/web/core/assets/vendor/jquery.ui/ui/effects/effect-highlight-min.js" package="effect-highlight-min.js" skipped="0" tests="1" timestamp="2020-01-17T16:06:50.53251"><testcase classname="dependency-check" name="effect-highlight-min.js"/></testsuite><testsuite failures="0" id="308" name="/z/web/core/misc/vertical-tabs.es6.js" package="vertical-tabs.es6.js" skipped="0" tests="1" timestamp="2020-01-17T16:06:50.53251"><testcase cla
[...]
sname="dependency-check" name="ms.js"/></testsuite><testsuite failures="0" id="1428" name="/z/web/core/misc/collapse.js" package="collapse.js" skipped="0" tests="1" timestamp="2020-01-17T16:06:50.53251"><testcase classname="dependency-check" name="collapse.js"/></testsuite><testsuite failures="0" id="1429" name="/z/web/core/assets/vendor/ckeditor/plugins/specialchar/dialogs/lang/tr.js" package="tr.js" skipped="0" tests="1" timestamp="2020-01-17T16:06:50.53251"><testcase classname="dependency-check" name="tr.js"/></testsuite><testsuite failures="0" id="1430" name="/z/web/core/modules/toolbar/js/toolbar.js" package="toolbar.js" skipped="0" tests="1" timestamp="2020-01-17T16:06:50.53251"><testcase classname="dependency-check" name="toolbar.js"/></testsuite><testsuite failures="0" id="1431" name="/z/web/core/assets/vendor/ckeditor/lang/pt-br.js" package="pt-br.js" skipped="0" tests="1" timestamp="2020-01-17T16:06:50.53251"><testcase classname="dependency-check" name="pt-br.js"/></testsuite><testsuite failures="0" id="1432" name="/z/web/libraries/ckeditor.fakeobjects/lang/bg.js" package="bg.js" skipped="0" tests="1" timestamp="2020-01-17T16:06:50.53251"><testcase classname="dependency-check" name="bg.js"/></testsuite><testsuite failures="0" id="1433" name="/z/web/libraries/jquery.select2/dist/js/i18n/tk.js" package="tk.js" skipped="0" tests="1" timestamp="2020-01-17T16:06:50.53251"><testcase classname="dependency-check" name="tk.js"/></testsuite><testsuite failures="0" id="1434" name="/z/web/libraries/jquery.inputmask/dist/inputmask/inputmask.js" package="inputmask.js" skipped="0" tests="1" timestamp="2020-01-17T16:06:50.53251"><testcase classname="dependency-check" name="inputmask.js"/></testsuite><testsuite failures="0" id="1435" name="/z/web/modules/contrib/google_directions/js/google_directions_jfunctions.js" package="google_directions_jfunctions.js" skipped="0" tests="1" timestamp="2020-01-17T16:06:50.53251"><testcase classname="dependency-check" name="google_directions_jfunctions.js"/></testsuite><testsuite failures="0" id="1436" name="/z/web/core/assets/vendor/ckeditor/plugins/specialchar/dialogs/lang/zh.js" package="zh.js" skipped="0" tests="1" timestamp="2020-01-17T16:06:50.53251"><testcase classname="dependency-check" name="zh.js"/></testsuite><testsuite failures="0" id="1437" name="/z/web/themes/custom/s3waas/js/themescript.js" package="themescript.js" skipped="0" tests="1" timestamp="2020-01-17T16:06:50.53251"><testcase classname="dependency-check" name="themescript.js"/></testsuite><testsuite failures="0" id="1438" name="/z/web/libraries/jquery.select2/dist/js/i18n/af.js" package="af.js" skipped="0" tests="1" timestamp="2020-01-17T16:06:50.53251"><testcase classname="dependency-check" name="af.js"/></testsuite><testsuite failures="0" id="1439" name="/z/web/libraries/jquery.select2/dist/js/i18n/bs.js" package="bs.js" skipped="0" tests="1" timestamp="2020-01-17T16:06:50.53251"><testcase classname="dependency-check" name="bs.js"/></testsuite><testsuite failures="0" id="1440" name="/z/web/core/assets/vendor/jquery.cookie/jquery.cookie.min.js" package="jquery.cookie.min.js" skipped="0" tests="1" timestamp="2020-01-17T16:06:50.53251"><testcase classname="dependency-check" name="jquery.cookie.min.js"/></testsuite><testsuite failures="0" id="1441" name="/z/web/modules/contrib/webform/js/webform.element.text_format.js" package="webform.element.text_format.js" skipped="0" tests="1" timestamp="2020-01-17T16:06:50.53251"><testcase classname="dependency-check" name="webform.element.text_format.js"/></testsuite><testsuite failures="0" id="1442" name="/z/web/core/assets/vendor/jquery.ui/ui/i18n/datepicker-pt-BR.js" package="datepicker-pt-BR.js" skipped="0" tests="1" timestamp="2020-01-17T16:06:50.53251"><testcase classname="dependency-check" name="datepicker-pt-BR.js"/></testsuite><testsuite failures="0" id="1443" name="/z/web/libraries/ckeditor.image/lang/is.js" package="is.js" skipped="0" tests="1" timestamp="2020-01-17T16:06:50.53251"><testcase classname="dependency-check" name="is.js"/></testsuite><testsuite failures="0" id="1444" name="/z/web/libraries/ckeditor.image/lang/ka.js" package="ka.js" skipped="0" tests="1" timestamp="2020-01-17T16:06:50.53251"><testcase classname="dependency-check" name="ka.js"/></testsuite><testsuite failures="0" id="1445" name="/z/web/core/assets/vendor/ckeditor/plugins/a11yhelp/dialogs/lang/ro.js" package="ro.js" skipped="0" tests="1" timestamp="2020-01-17T16:06:50.53251"><testcase classname="dependency-check" name="ro.js"/></testsuite><testsuite failures="0" id="1446" name="/z/web/libraries/jquery.inputmask/dist/inputmask/dependencyLibs/inputmask.dependencyLib.js" package="inputmask.dependencyLib.js" skipped="0" tests="1" timestamp="2020-01-17T16:06:50.53251"><testcase classname="dependency-check" name="inputmask.dependencyLib.js"/></testsuite><testsuite failures="0" id="1447" name="/z/web/libraries/jquery.select2/dist/js/i18n/hi.js" package="hi.js" skipped="0" tests="1" timestamp="2020-01-17T16:06:50.53251"><testcase classname="dependency-check" name="hi.js"/></testsuite><testsuite failures="0" id="1448" name="/z/web/libraries/jquery.inputmask/js/inputmask.js" package="inputmask.js" skipped="0" tests="1" timestamp="2020-01-17T16:06:50.53251"><testcase classname="dependency-check" name="inputmask.js"/></testsuite><testsuite failures="0" id="1449" name="/z/web/libraries/ckeditor.link/lang/ca.js" package="ca.js" skipped="0" tests="1" timestamp="2020-01-17T16:06:50.53251"><testcase classname="dependency-check" name="ca.js"/></testsuite><testsuite failures="0" id="1450" name="/z/web/core/assets/vendor/ckeditor/plugins/a11yhelp/dialogs/lang/th.js" package="th.js" skipped="0" tests="1" timestamp="2020-01-17T16:06:50.53251"><testcase classname="dependency-check" name="th.js"/></testsuite><testsuite failures="0" id="1451" name="/z/web/libraries/jquery.select2/dist/js/i18n/ko.js" package="ko.js" skipped="0" tests="1" timestamp="2020-01-17T16:06:50.53251"><testcase classname="dependency-check" name="ko.js"/></testsuite><testsuite failures="0" id="1452" name="/z/web/core/themes/claro/js/nav-tabs.js" package="nav-tabs.js" skipped="0" tests="1" timestamp="2020-01-17T16:06:50.53251"><testcase classname="dependency-check" name="nav-tabs.js"/></testsuite><testsuite failures="0" id="1453" name="/z/web/core/assets/vendor/ckeditor/plugins/a11yhelp/dialogs/lang/sq.js" package="sq.js" skipped="0" tests="1" timestamp="2020-01-17T16:06:50.53251"><testcase classname="dependency-check" name="sq.js"/></testsuite><testsuite failures="0" id="1454" name="/z/web/core/scripts/js/babel-es6-build.js" package="babel-es6-build.js" skipped="0" tests="1" timestamp="2020-01-17T16:06:50.53251"><testcase classname="dependency-check" name="babel-es6-build.js"/></testsuite><testsuite failures="0" id="1455" name="/z/web/libraries/svg-pan-zoom/dist/svg-pan-zoom.min.js" package="svg-pan-zoom.min.js" skipped="0" tests="1" timestamp="2020-01-17T16:06:50.53251"><testcase classname="dependency-check" name="svg-pan-zoom.min.js"/></testsuite><testsuite failures="0" id="1456" name="/z/web/themes/custom/s3waas/vendor/fontawesome/js/conflict-detection.js" package="conflict-detection.js" skipped="0" tests="1" timestamp="2020-01-17T16:06:50.53251"><testcase classname="dependency-check" name="conflict-detection.js"/></testsuite><testsuite failures="0" id="1457" name="/z/web/libraries/ckeditor.link/lang/fr.js" package="fr.js" skipped="0" tests="1" timestamp="2020-01-17T16:06:50.53251"><testcase classname="dependency-check" name="fr.js"/></testsuite><testsuite failures="0" id="1458" name="/z/web/core/themes/claro/js/mobile.install.es6.js" package="mobile.install.es6.js" skipped="0" tests="1" timestamp="2020-01-17T16:06:50.53251"><testcase classname="dependency-check" name="mobile.install.es6.js"/></testsuite><testsuite failures="0" id="1459" name="/z/web/core/assets/vendor/jquery.ui/ui/i18n/datepicker-ro.js" package="datepicker-ro.js" skipped="0" tests="1" timestamp="2020-01-17T16:06:50.53251"><testcase classname="dependency-check" name="datepicker-ro.js"/></testsuite><testsuite failures="0" id="1460" name="/z/web/libraries/jquery.select2/dist/js/i18n/en.js" package="en.js" skipped="0" tests="1" timestamp="2020-01-17T16:06:50.53251"><testcase classname="dependency-check" name="en.js"/></testsuite><testsuite failures="0" id="1461" name="/z/web/core/assets/vendor/jquery.ui/ui/i18n/datepicker-th.js" package="datepicker-th.js" skipped="0" tests="1" timestamp="2020-01-17T16:06:50.53251"><testcase classname="dependency-check" name="datepicker-th.js"/></testsuite><testsuite failures="0" id="1462" name="/z/web/core/assets/vendor/jquery.ui/ui/i18n/datepicker-sq.js" package="datepicker-sq.js" skipped="0" tests="1" timestamp="2020-01-17T16:06:50.53251"><testcase classname="dependency-check" name="datepicker-sq.js"/></testsuite><testsuite failures="0" id="1463" name="/z/web/core/misc/dialog/dialog.ajax.js" package="dialog.ajax.js" skipped="0" tests="1" timestamp="2020-01-17T16:06:50.53251"><testcase classname="dependency-check" name="dialog.ajax.js"/></testsuite><testsuite failures="0" id="1464" name="/z/web/libraries/jquery.select2/dist/js/i18n/da.js" package="da.js" skipped="0" tests="1" timestamp="2020-01-17T16:06:50.53251"><testcase classname="dependency-check" name="da.js"/></testsuite><testsuite failures="0" id="1465" name="/z/web/core/themes/seven/js/responsive-details.es6.js" package="responsive-details.es6.js" skipped="0" tests="1" timestamp="2020-01-17T16:06:50.53251"><testcase classname="dependency-check" name="responsive-details.es6.js"/></testsuite><testsuite failures="0" id="1466" name="/z/web/core/modules/quickedit/js/views/AppView.es6.js" package="AppView.es6.js" skipped="0" tests="1" timestamp="2020-01-17T16:06:50.53251"><testcase classname="dependency-check" name="AppView.es6.js"/></testsuite><testsuite failures="0" id="1467" name="/z/web/libraries/ckeditor.image/lang/sr-latn.js" package="sr-latn.js" skipped="0" tests="1" timestamp="2020-01-17T16:06:50.53251"><testcase classname="dependency-check" name="sr-latn.js"/></testsuite><testsuite failures="0" id="1468" name="/z/web/core/assets/vendor/ckeditor/lang/es.js" package="es.js" skipped="0" tests="1" timestamp="2020-01-17T16:06:50.53251"><testcase classname="dependency-check" name="es.js"/></testsuite><testsuite failures="0" id="1469" name="/z/web/libraries/ckeditor.link/lang/de-ch.js" package="de-ch.js" skipped="0" tests="1" timestamp="2020-01-17T16:06:50.53251"><testcase classname="dependency-check" name="de-ch.js"/></testsuite><testsuite failures="0" id="1470" name="/z/web/core/profiles/demo_umami/themes/umami/js/components/navigation/menu-main/menu-main.js" package="menu-main.js" skipped="0" tests="1" timestamp="2020-01-17T16:06:50.53251"><testcase classname="dependency-check" name="menu-main.js"/></testsuite><testsuite failures="0" id="1471" name="/z/web/libraries/jquery.inputmask/qunit/tests_numeric.js" package="tests_numeric.js" skipped="0" tests="1" timestamp="2020-01-17T16:06:50.53251"><testcase classname="dependency-check" name="tests_numeric.js"/></testsuite><testsuite failures="0" id="1472" name="/z/web/core/modules/menu_ui/menu_ui.admin.es6.js" package="menu_ui.admin.es6.js" skipped="0" tests="1" timestamp="2020-01-17T16:06:50.53251"><testcase classname="dependency-check" name="menu_ui.admin.es6.js"/></testsuite><testsuite failures="0" id="1473" name="/z/web/core/assets/vendor/ckeditor/lang/gl.js" package="gl.js" skipped="0" tests="1" timestamp="2020-01-17T16:06:50.53251"><testcase classname="dependency-check" name="gl.js"/></testsuite><testsuite failures="0" id="1474" name="/z/web/core/misc/dialog/dialog.position.js" package="dialog.position.js" skipped="0" tests="1" timestamp="2020-01-17T16:06:50.53251"><testcase classname="dependency-check" name="dialog.position.js"/></testsuite><testsuite failures="0" id="1475" name="/z/web/core/modules/contextual/js/toolbar/views/VisualView.es6.js" package="VisualView.es6.js" skipped="0" tests="1" timestamp="2020-01-17T16:06:50.53251"><testcase classname="dependency-check" name="VisualView.es6.js"/></testsuite><testsuite failures="0" id="1476" name="/z/web/libraries/ckeditor.link/lang/sk.js" package="sk.js" skipped="0" tests="1" timestamp="2020-01-17T16:06:50.53251"><testcase classname="dependency-check" name="sk.js"/></testsuite><testsuite failures="0" id="1477" name="/z/web/libraries/jquery.select2/dist/js/i18n/pt-BR.js" package="pt-BR.js" skipped="0" tests="1" timestamp="2020-01-17T16:06:50.53251"><testcase classname="dependency-check" name="pt-BR.js"/></testsuite><testsuite failures="0" id="1478" name="/z/web/libraries/ckeditor.link/lang/sv.js" package="sv.js" skipped="0" tests="1" timestamp="2020-01-17T16:06:50.53251"><testcase classname="dependency-check" name="sv.js"/></testsuite><testsuite failures="0" id="1479" name="/z/web/libraries/ckeditor.image/lang/th.js" package="th.js" skipped="0" tests="1" timestamp="2020-01-17T16:06:50.53251"><testcase classname="dependency-check" name="th.js"/></testsuite><testsuite failures="0" id="1480" name="/z/web/core/assets/vendor/ckeditor/lang/en-ca.js" package="en-ca.js" skipped="0" tests="1" timestamp="2020-01-17T16:06:50.53251"><testcase classname="dependency-check" name="en-ca.js"/></testsuite><testsuite failures="0" id="1481" name="/z/web/libraries/ckeditor.image/lang/sq.js" package="sq.js" skipped="0" tests="1" timestamp="2020-01-17T16:06:50.53251"><testcase classname="dependency-check" name="sq.js"/></testsuite><testsuite failures="0" id="1482" name="/z/web/libraries/ckeditor.link/lang/oc.js" package="oc.js" skipped="0" tests="1" timestamp="2020-01-17T16:06:50.53251"><testcase classname="dependency-check" name="oc.js"/></testsuite><testsuite failures="0" id="1483" name="/z/web/libraries/ckeditor.autogrow/plugin.js" package="plugin.js" skipped="0" tests="1" timestamp="2020-01-17T16:06:50.53251"><testcase classname="dependency-check" name="plugin.js"/></testsuite><testsuite failures="0" id="1484" name="/z/web/libraries/jquery.inputmask/qunit/tests_escape.js" package="tests_escape.js" skipped="0" tests="1" timestamp="2020-01-17T16:06:50.53251"><testcase classname="dependency-check" name="tests_escape.js"/></testsuite><testsuite failures="0" id="1485" name="/z/web/libraries/ckeditor.image/lang/ro.js" package="ro.js" skipped="0" tests="1" timestamp="2020-01-17T16:06:50.53251"><testcase classname="dependency-check" name="ro.js"/></testsuite><testsuite failures="0" id="1486" name="/z/web/core/themes/claro/js/messages.js" package="messages.js" skipped="0" tests="1" timestamp="2020-01-17T16:06:50.53251"><testcase classname="dependency-check" name="messages.js"/></testsuite><testsuite failures="0" id="1487" name="/z/web/libraries/ckeditor.link/lang/nl.js" package="nl.js" skipped="0" tests="1" timestamp="2020-01-17T16:06:50.53251"><testcase classname="dependency-check" name="nl.js"/></testsuite><testsuite failures="0" id="1488" name="/z/web/libraries/cropper/dist/cropper.esm.js" package="cropper.esm.js" skipped="0" tests="1" timestamp="2020-01-17T16:06:50.53251"><testcase classname="dependency-check" name="cropper.esm.js"/></testsuite><testsuite failures="0" id="1489" name="/z/web/core/modules/path/path.es6.js" package="path.es6.js" skipped="0" tests="1" timestamp="2020-01-17T16:06:50.53251"><testcase classname="dependency-check" name="path.es6.js"/></testsuite><testsuite failures="0" id="1490" name="/z/web/core/modules/contextual/js/views/AuralView.es6.js" package="AuralView.es6.js" skipped="0" tests="1" timestamp="2020-01-17T16:06:50.53251"><testcase classname="dependency-check" name="AuralView.es6.js"/></testsuite><testsuite failures="0" id="1491" name="/z/web/core/assets/vendor/ckeditor/plugins/a11yhelp/dialogs/lang/de-ch.js" package="de-ch.js" skipped="0" tests="1" timestamp="2020-01-17T16:06:50.53251"><testcase classname="dependency-check" name="de-ch.js"/></testsuite><testsuite failures="0" id="1492" name="/z/web/core/modules/contextual/js/toolbar/models/StateModel.es6.js" package="StateModel.es6.js" skipped="0" tests="1" timestamp="2020-01-17T16:06:50.53251"><testcase classname="dependency-check" name="StateModel.es6.js"/></testsuite><testsuite failures="0" id="1493" name="/z/web/core/package.json" package="package.json" skipped="0" tests="1" timestamp="2020-01-17T16:06:50.53251"><testcase classname="dependency-check" name="package.json"/></testsuite><testsuite failures="0" id="1494" name="/z/web/themes/custom/s3waas/vendor/fontawesome/js/brands.js" package="brands.js" skipped="0" tests="1" timestamp="2020-01-17T16:06:50.53251"><testcase classname="dependency-check" name="brands.js"/></testsuite><testsuite failures="0" id="1495" name="/z/web/core/assets/vendor/jquery.ui/ui/widgets/controlgroup-min.js" package="controlgroup-min.js" skipped="0" tests="1" timestamp="2020-01-17T16:06:50.53251"><testcase classname="dependency-check" name="controlgroup-min.js"/></testsuite><testsuite failures="0" id="1496" name="/z/web/sites/default/files/js/js_VhqXmo4azheUjYC30rijnR_Dddo0WjWkF27k5gTL8S4.js" package="js_VhqXmo4azheUjYC30rijnR_Dddo0WjWkF27k5gTL8S4.js" skipped="0" tests="1" timestamp="2020-01-17T16:06:50.53251"><testcase classname="dependency-check" name="js_VhqXmo4azheUjYC30rijnR_Dddo0WjWkF27k5gTL8S4.js"/></testsuite><testsuite failures="0" id="1497" name="/z/web/core/modules/image/js/editors/image.es6.js" package="image.es6.js" skipped="0" tests="1" timestamp="2020-01-17T16:06:50.53251"><testcase classname="dependency-check" name="image.es6.js"/></testsuite><testsuite failures="0" id="1498" name="/z/web/libraries/cropper/dist/cropper.min.js" package="cropper.min.js" skipped="0" tests="1" timestamp="2020-01-17T16:06:50.53251"><testcase classname="dependency-check" name="cropper.min.js"/></testsuite><testsuite failures="0" id="1499" name="/z/web/libraries/jquery.intl-tel-input/build/js/intlTelInput-jquery.js" package="intlTelInput-jquery.js" skipped="0" tests="1" timestamp="2020-01-17T16:06:50.53251"><testcase classname="dependency-check" name="intlTelInput-jquery.js"/></testsuite><testsuite failures="0" id="1500" name="/z/web/core/modules/system/tests/modules/ajax_test/js/insert-ajax.js" package="insert-ajax.js" skipped="0" tests="1" timestamp="2020-01-17T16:06:50.53251"><testcase classname="dependency-check" name="insert-ajax.js"/></testsuite><testsuite failures="0" id="1501" name="/z/web/core/modules/toolbar/js/models/MenuModel.js" package="MenuModel.js" skipped="0" tests="1" timestamp="2020-01-17T16:06:50.53251"><testcase classname="dependency-check" name="MenuModel.js"/></testsuite><testsuite failures="0" id="1502" name="/z/web/modules/contrib/geolocation/js/geolocation-google-geocoding-api-geocoder.js" package="geolocation-google-geocoding-api-geocoder.js" skipped="0" tests="1" timestamp="2020-01-17T16:06:50.53251"><testcase classname="dependency-check" name="geolocation-google-geocoding-api-geocoder.js"/></testsuite><testsuite failures="0" id="1503" name="/z/web/core/themes/claro/js/responsive-details.es6.js" package="responsive-details.es6.js" skipped="0" tests="1" timestamp="2020-01-17T16:06:50.53251"><testcase classname="dependency-check" name="responsive-details.es6.js"/></testsuite><testsuite failures="0" id="1504" name="/z/web/core/misc/dialog/dialog.position.es6.js" package="dialog.position.es6.js" skipped="0" tests="1" timestamp="2020-01-17T16:06:50.53251"><testcase classname="dependency-check" name="dialog.position.es6.js"/></testsuite><testsuite failures="0" id="1505" name="/z/web/modules/contrib/webform/js/webform.element.message.js" package="webform.element.message.js" skipped="0" tests="1" timestamp="2020-01-17T16:06:50.53251"><testcase classname="dependency-check" name="webform.element.message.js"/></testsuite><testsuite failures="0" id="1506" name="/z/web/core/modules/tracker/js/tracker-history.js" package="tracker-history.js" skipped="0" tests="1" timestamp="2020-01-17T16:06:50.53251"><testcase classname="dependency-check" name="tracker-history.js"/></testsuite></testsuites>